This Node.js version (v22.15.0) has not been tested with this version of Cucumber; it should work normally, but please raise an issue if you see anything unexpected.
ğŸ”§ ConfiguraciÃ³n de pruebas cargada desde .env.test
â±ï¸ Timeout de pruebas configurado a: 60000ms
ğŸ“ Manteniendo evidencias anteriores para mÃºltiples features
ğŸ“ Las nuevas evidencias se guardarÃ¡n en: _debug/
ğŸ‘€ Ejecutando en modo visual para depuraciÃ³n
No se pudo limpiar usuarios de prueba: No se pudo limpiar usuarios de prueba
ğŸš€ Iniciando escenario: CP01a Registrar usuario correcto
â° Timestamp inicio: 2025-11-24T16:51:29.259Z
.Texto encontrado despuÃ©s del login: Ferremas
ğŸ“ Paso 01: el usuario accede a la pagina de registro de usuario como administrador
ğŸ“¸ Evidencias capturadas para paso 01: el usuario accede a la pagina de registro de usuario como administrador
.ğŸ“ Paso 02: accede al formulario de registro de usuario
ğŸ“¸ Evidencias capturadas para paso 02: accede al formulario de registro de usuario
.ğŸ“ Paso 03: ingreso nombre de usuario "Cliente"
ğŸ“¸ Evidencias capturadas para paso 03: ingreso nombre de usuario "Cliente"
.ğŸ“ Paso 04: ingreso email de usuario "cliente@cliente.com"
ğŸ“¸ Evidencias capturadas para paso 04: ingreso email de usuario "cliente@cliente.com"
.ğŸ“ Paso 05: ingreso contraseÃ±a de usuario "Cliente.1234"
ğŸ“¸ Evidencias capturadas para paso 05: ingreso contraseÃ±a de usuario "Cliente.1234"
.ğŸ“ Paso 06: ingreso rut de usuario "12345678-8"
ğŸ“¸ Evidencias capturadas para paso 06: ingreso rut de usuario "12345678-8"
.ğŸ“ Paso 07: selecciono rol de usuario "Cliente"
ğŸ“¸ Evidencias capturadas para paso 07: selecciono rol de usuario "Cliente"
.ğŸ“ Paso 08: click en crear usuario
ğŸ“¸ Evidencias capturadas para paso 08: click en crear usuario
.ğŸ“ Paso 09: usuario se crea correctamente
ğŸ“¸ Evidencias capturadas para paso 09: usuario se crea correctamente
.ğŸ“ Paso 10: aparece en la lista de usuarios
ğŸ“¸ Evidencias capturadas para paso 10: aparece en la lista de usuarios
.âœ… Escenario completado: CP01a Registrar usuario correcto (PASSED)
â±ï¸  DuraciÃ³n: 9.37s
â° Timestamp fin: 2025-11-24T16:51:38.631Z
ğŸ“Š Total de pasos ejecutados: 10
ğŸ“ Evidencias guardadas en: _debug/
.ğŸ‘€ Ejecutando en modo visual para depuraciÃ³n
No se pudo limpiar usuarios de prueba: No se pudo limpiar usuarios de prueba
ğŸš€ Iniciando escenario: CP01b Registrar usuario bodeguero correcto
â° Timestamp inicio: 2025-11-24T16:51:40.202Z
.Texto encontrado despuÃ©s del login: Ferremas
ğŸ“ Paso 01: el usuario accede a la pagina de registro de usuario como administrador
ğŸ“¸ Evidencias capturadas para paso 01: el usuario accede a la pagina de registro de usuario como administrador
.ğŸ“ Paso 02: accede al formulario de registro de usuario
ğŸ“¸ Evidencias capturadas para paso 02: accede al formulario de registro de usuario
.ğŸ“ Paso 03: ingreso nombre de usuario "Bodeguero"
ğŸ“¸ Evidencias capturadas para paso 03: ingreso nombre de usuario "Bodeguero"
.ğŸ“ Paso 04: ingreso email de usuario "bodeguero@bodeguero.com"
ğŸ“¸ Evidencias capturadas para paso 04: ingreso email de usuario "bodeguero@bodeguero.com"
.ğŸ“ Paso 05: ingreso contraseÃ±a de usuario "Bodeguero.1234"
ğŸ“¸ Evidencias capturadas para paso 05: ingreso contraseÃ±a de usuario "Bodeguero.1234"
.ğŸ“ Paso 06: ingreso rut de usuario "12345678-6"
ğŸ“¸ Evidencias capturadas para paso 06: ingreso rut de usuario "12345678-6"
.ğŸ“ Paso 07: selecciono rol de usuario "Bodeguero"
ğŸ“¸ Evidencias capturadas para paso 07: selecciono rol de usuario "Bodeguero"
.ğŸ“ Paso 08: click en crear usuario
ğŸ“¸ Evidencias capturadas para paso 08: click en crear usuario
.ğŸ“ Paso 09: usuario se crea correctamente
ğŸ“¸ Evidencias capturadas para paso 09: usuario se crea correctamente
.ğŸ“ Paso 10: aparece en la lista de usuarios
ğŸ“¸ Evidencias capturadas para paso 10: aparece en la lista de usuarios
.âœ… Escenario completado: CP01b Registrar usuario bodeguero correcto (PASSED)
â±ï¸  DuraciÃ³n: 8.43s
â° Timestamp fin: 2025-11-24T16:51:48.632Z
ğŸ“Š Total de pasos ejecutados: 10
ğŸ“ Evidencias guardadas en: _debug/
.ğŸ‘€ Ejecutando en modo visual para depuraciÃ³n
No se pudo limpiar usuarios de prueba: No se pudo limpiar usuarios de prueba
ğŸš€ Iniciando escenario: CP02 Registrar usuario con mail duplicado
â° Timestamp inicio: 2025-11-24T16:51:50.184Z
.Texto encontrado despuÃ©s del login: Ferremas
ğŸ“ Paso 01: el usuario accede a la pagina de registro de usuario como administrador
ğŸ“¸ Evidencias capturadas para paso 01: el usuario accede a la pagina de registro de usuario como administrador
.ğŸ“ Paso 02: accede al formulario de registro de usuario
ğŸ“¸ Evidencias capturadas para paso 02: accede al formulario de registro de usuario
.ğŸ“ Paso 03: ingreso nombre de usuario "mailduplicado"
ğŸ“¸ Evidencias capturadas para paso 03: ingreso nombre de usuario "mailduplicado"
.ğŸ“ Paso 04: ingreso email de usuario "an.salcedo@duocuc.cl"
ğŸ“¸ Evidencias capturadas para paso 04: ingreso email de usuario "an.salcedo@duocuc.cl"
.ğŸ“ Paso 05: ingreso contraseÃ±a de usuario "Mailduplicado.1234"
ğŸ“¸ Evidencias capturadas para paso 05: ingreso contraseÃ±a de usuario "Mailduplicado.1234"
.ğŸ“ Paso 06: ingreso rut de usuario "12345678-5"
ğŸ“¸ Evidencias capturadas para paso 06: ingreso rut de usuario "12345678-5"
.ğŸ“ Paso 07: selecciono rol de usuario "Vendedor"
ğŸ“¸ Evidencias capturadas para paso 07: selecciono rol de usuario "Vendedor"
.ğŸ“ Paso 08: click en crear usuario
ğŸ“¸ Evidencias capturadas para paso 08: click en crear usuario
.Mensaje de error encontrado: Permanece en pÃ¡gina de registro - posible error de email duplicado
ğŸ“ Paso 09: aparece mensaje de mail ya registrado
ğŸ“¸ Evidencias capturadas para paso 09: aparece mensaje de mail ya registrado
.âœ… Escenario completado: CP02 Registrar usuario con mail duplicado (PASSED)
â±ï¸  DuraciÃ³n: 34.56s
â° Timestamp fin: 2025-11-24T16:52:24.747Z
ğŸ“Š Total de pasos ejecutados: 9
ğŸ“ Evidencias guardadas en: _debug/
.ğŸ‘€ Ejecutando en modo visual para depuraciÃ³n
No se pudo limpiar usuarios de prueba: No se pudo limpiar usuarios de prueba
ğŸš€ Iniciando escenario: CP03 Registrar usuario con mail vacio
â° Timestamp inicio: 2025-11-24T16:52:26.299Z
.Texto encontrado despuÃ©s del login: Ferremas
ğŸ“ Paso 01: el usuario accede a la pagina de registro de usuario como administrador
ğŸ“¸ Evidencias capturadas para paso 01: el usuario accede a la pagina de registro de usuario como administrador
.ğŸ“ Paso 02: accede al formulario de registro de usuario
ğŸ“¸ Evidencias capturadas para paso 02: accede al formulario de registro de usuario
.ğŸ“ Paso 03: ingreso nombre de usuario "mailvacio"
ğŸ“¸ Evidencias capturadas para paso 03: ingreso nombre de usuario "mailvacio"
.ğŸ“ Paso 04: ingreso email de usuario ""
ğŸ“¸ Evidencias capturadas para paso 04: ingreso email de usuario ""
.ğŸ“ Paso 05: ingreso contraseÃ±a de usuario "Mailvacio.1234"
ğŸ“¸ Evidencias capturadas para paso 05: ingreso contraseÃ±a de usuario "Mailvacio.1234"
.ğŸ“ Paso 06: ingreso rut de usuario "12345678-3"
ğŸ“¸ Evidencias capturadas para paso 06: ingreso rut de usuario "12345678-3"
.ğŸ“ Paso 07: selecciono rol de usuario "Vendedor"
ğŸ“¸ Evidencias capturadas para paso 07: selecciono rol de usuario "Vendedor"
.ğŸ“ Paso 08: click en crear usuario
ğŸ“¸ Evidencias capturadas para paso 08: click en crear usuario
.Email vacÃ­o con validaciÃ³n HTML5 - considerando como error vÃ¡lido
Mensaje de error encontrado: ValidaciÃ³n HTML5 - email requerido vacÃ­o
ğŸ“ Paso 09: aparece mensaje de que falta ingresar email
ğŸ“¸ Evidencias capturadas para paso 09: aparece mensaje de que falta ingresar email
.âœ… Escenario completado: CP03 Registrar usuario con mail vacio (PASSED)
â±ï¸  DuraciÃ³n: 9.38s
â° Timestamp fin: 2025-11-24T16:52:35.683Z
ğŸ“Š Total de pasos ejecutados: 9
ğŸ“ Evidencias guardadas en: _debug/
.ğŸ‘€ Ejecutando en modo visual para depuraciÃ³n
No se pudo limpiar usuarios de prueba: No se pudo limpiar usuarios de prueba
ğŸš€ Iniciando escenario: CP04 Registrar usuario con rut duplicado
â° Timestamp inicio: 2025-11-24T16:52:37.566Z
.Texto encontrado despuÃ©s del login: Ferremas
ğŸ“ Paso 01: el usuario accede a la pagina de registro de usuario como administrador
ğŸ“¸ Evidencias capturadas para paso 01: el usuario accede a la pagina de registro de usuario como administrador
.ğŸ“ Paso 02: accede al formulario de registro de usuario
ğŸ“¸ Evidencias capturadas para paso 02: accede al formulario de registro de usuario
.ğŸ“ Paso 03: ingreso nombre de usuario "rutduplicado"
ğŸ“¸ Evidencias capturadas para paso 03: ingreso nombre de usuario "rutduplicado"
.ğŸ“ Paso 04: ingreso email de usuario "rutduplicado@rutduplicado.com"
ğŸ“¸ Evidencias capturadas para paso 04: ingreso email de usuario "rutduplicado@rutduplicado.com"
.ğŸ“ Paso 05: ingreso contraseÃ±a de usuario "Rutduplicado.1234"
ğŸ“¸ Evidencias capturadas para paso 05: ingreso contraseÃ±a de usuario "Rutduplicado.1234"
.ğŸ“ Paso 06: ingreso rut de usuario "19134035-3"
ğŸ“¸ Evidencias capturadas para paso 06: ingreso rut de usuario "19134035-3"
.ğŸ“ Paso 07: selecciono rol de usuario "Vendedor"
ğŸ“¸ Evidencias capturadas para paso 07: selecciono rol de usuario "Vendedor"
.ğŸ“ Paso 08: click en crear usuario
ğŸ“¸ Evidencias capturadas para paso 08: click en crear usuario
.Mensaje de error encontrado: Permanece en pÃ¡gina de registro - posible error de RUT duplicado
ğŸ“ Paso 09: aparece mensaje de que el rut ya esta registrado
ğŸ“¸ Evidencias capturadas para paso 09: aparece mensaje de que el rut ya esta registrado
.âœ… Escenario completado: CP04 Registrar usuario con rut duplicado (PASSED)
â±ï¸  DuraciÃ³n: 30.53s
â° Timestamp fin: 2025-11-24T16:53:08.094Z
ğŸ“Š Total de pasos ejecutados: 9
ğŸ“ Evidencias guardadas en: _debug/
.ğŸ‘€ Ejecutando en modo visual para depuraciÃ³n
No se pudo limpiar usuarios de prueba: No se pudo limpiar usuarios de prueba
ğŸš€ Iniciando escenario: CP05 Registrar usuario con rut vacio
â° Timestamp inicio: 2025-11-24T16:53:09.619Z
.Texto encontrado despuÃ©s del login: Ferremas
ğŸ“ Paso 01: el usuario accede a la pagina de registro de usuario como administrador
ğŸ“¸ Evidencias capturadas para paso 01: el usuario accede a la pagina de registro de usuario como administrador
.ğŸ“ Paso 02: accede al formulario de registro de usuario
ğŸ“¸ Evidencias capturadas para paso 02: accede al formulario de registro de usuario
.ğŸ“ Paso 03: ingreso nombre de usuario "rutvacio"
ğŸ“¸ Evidencias capturadas para paso 03: ingreso nombre de usuario "rutvacio"
.ğŸ“ Paso 04: ingreso email de usuario "rutvacio@rutvacio.com"
ğŸ“¸ Evidencias capturadas para paso 04: ingreso email de usuario "rutvacio@rutvacio.com"
.ğŸ“ Paso 05: ingreso contraseÃ±a de usuario "Rutvacio.1234"
ğŸ“¸ Evidencias capturadas para paso 05: ingreso contraseÃ±a de usuario "Rutvacio.1234"
.ğŸ“ Paso 06: ingreso rut de usuario ""
ğŸ“¸ Evidencias capturadas para paso 06: ingreso rut de usuario ""
.ğŸ“ Paso 07: selecciono rol de usuario "Vendedor"
ğŸ“¸ Evidencias capturadas para paso 07: selecciono rol de usuario "Vendedor"
.ğŸ“ Paso 08: click en crear usuario
ğŸ“¸ Evidencias capturadas para paso 08: click en crear usuario
.RUT vacÃ­o con validaciÃ³n HTML5 - considerando como error vÃ¡lido
Mensaje de error encontrado: ValidaciÃ³n HTML5 - RUT requerido vacÃ­o
ğŸ“ Paso 09: aparece mensaje de que falta ingresar el rut
ğŸ“¸ Evidencias capturadas para paso 09: aparece mensaje de que falta ingresar el rut
.âœ… Escenario completado: CP05 Registrar usuario con rut vacio (PASSED)
â±ï¸  DuraciÃ³n: 7.89s
â° Timestamp fin: 2025-11-24T16:53:17.506Z
ğŸ“Š Total de pasos ejecutados: 9
ğŸ“ Evidencias guardadas en: _debug/
.ğŸ Finalizando ejecuciÃ³n de todas las pruebas...
âœ… EjecuciÃ³n completada - todos los recursos liberados


6 scenarios (6 passed)
56 steps (56 passed)
1m50.407s (executing steps: 1m49.835s)
âš ï¸  Finalizando proceso...
This Node.js version (v22.15.0) has not been tested with this version of Cucumber; it should work normally, but please raise an issue if you see anything unexpected.
ğŸ”§ ConfiguraciÃ³n de pruebas cargada desde .env.test
â±ï¸ Timeout de pruebas configurado a: 60000ms
ğŸ“ Manteniendo evidencias anteriores para mÃºltiples features
ğŸ“ Las nuevas evidencias se guardarÃ¡n en: _debug/
ğŸ‘€ Ejecutando en modo visual para depuraciÃ³n
No se pudo limpiar usuarios de prueba: No se pudo limpiar usuarios de prueba
ğŸš€ Iniciando escenario: CP06 Login email y password correcto
â° Timestamp inicio: 2025-11-24T16:53:22.524Z
.Intentando limpiar usuarios de prueba...
ğŸ“ Paso 01: el usuario accede a la pagina de login
ğŸ“¸ Evidencias capturadas para paso 01: el usuario accede a la pagina de login
.ğŸ“ Paso 02: ingreso email de login "an.salcedo@duocuc.cl"
ğŸ“¸ Evidencias capturadas para paso 02: ingreso email de login "an.salcedo@duocuc.cl"
.ğŸ“ Paso 03: ingreso contraseÃ±a de login "Admin.123456789"
ğŸ“¸ Evidencias capturadas para paso 03: ingreso contraseÃ±a de login "Admin.123456789"
.ğŸ“ Paso 04: realizo el envÃ­o de los datos de login
ğŸ“¸ Evidencias capturadas para paso 04: realizo el envÃ­o de los datos de login
.Texto encontrado despuÃ©s del login: Bienvenido
ğŸ“ Paso 05: aparece un mensaje de ingreso correcto
ğŸ“¸ Evidencias capturadas para paso 05: aparece un mensaje de ingreso correcto
.âœ… Escenario completado: CP06 Login email y password correcto (PASSED)
â±ï¸  DuraciÃ³n: 10.86s
â° Timestamp fin: 2025-11-24T16:53:33.384Z
ğŸ“Š Total de pasos ejecutados: 5
ğŸ“ Evidencias guardadas en: _debug/
.ğŸ‘€ Ejecutando en modo visual para depuraciÃ³n
No se pudo limpiar usuarios de prueba: No se pudo limpiar usuarios de prueba
ğŸš€ Iniciando escenario: CP07 Login email vacÃ­o y password correcto
â° Timestamp inicio: 2025-11-24T16:53:34.877Z
.Intentando limpiar usuarios de prueba...
ğŸ“ Paso 01: el usuario accede a la pagina de login
ğŸ“¸ Evidencias capturadas para paso 01: el usuario accede a la pagina de login
.ğŸ“ Paso 02: ingreso email de login ""
ğŸ“¸ Evidencias capturadas para paso 02: ingreso email de login ""
.ğŸ“ Paso 03: ingreso contraseÃ±a de login "Admin.123456789"
ğŸ“¸ Evidencias capturadas para paso 03: ingreso contraseÃ±a de login "Admin.123456789"
.ğŸ“ Paso 04: realizo el envÃ­o de los datos de login
ğŸ“¸ Evidencias capturadas para paso 04: realizo el envÃ­o de los datos de login
.Email vacÃ­o con validaciÃ³n HTML5 - considerando como error vÃ¡lido
Mensaje de error encontrado: ValidaciÃ³n HTML5 - email requerido vacÃ­o
ğŸ“ Paso 05: aparece un mensaje de datos equivocados
ğŸ“¸ Evidencias capturadas para paso 05: aparece un mensaje de datos equivocados
.âœ… Escenario completado: CP07 Login email vacÃ­o y password correcto (PASSED)
â±ï¸  DuraciÃ³n: 9.69s
â° Timestamp fin: 2025-11-24T16:53:44.565Z
ğŸ“Š Total de pasos ejecutados: 5
ğŸ“ Evidencias guardadas en: _debug/
.ğŸ‘€ Ejecutando en modo visual para depuraciÃ³n
No se pudo limpiar usuarios de prueba: No se pudo limpiar usuarios de prueba
ğŸš€ Iniciando escenario: CP08 Login email correcto password vacÃ­o
â° Timestamp inicio: 2025-11-24T16:53:46.149Z
.Intentando limpiar usuarios de prueba...
ğŸ“ Paso 01: el usuario accede a la pagina de login
ğŸ“¸ Evidencias capturadas para paso 01: el usuario accede a la pagina de login
.ğŸ“ Paso 02: ingreso email de login "an.salcedo@duocuc.cl"
ğŸ“¸ Evidencias capturadas para paso 02: ingreso email de login "an.salcedo@duocuc.cl"
.ğŸ“ Paso 03: ingreso contraseÃ±a de login ""
ğŸ“¸ Evidencias capturadas para paso 03: ingreso contraseÃ±a de login ""
.ğŸ“ Paso 04: realizo el envÃ­o de los datos de login
ğŸ“¸ Evidencias capturadas para paso 04: realizo el envÃ­o de los datos de login
.Password vacÃ­o con validaciÃ³n HTML5 - considerando como error vÃ¡lido
Mensaje de error encontrado: ValidaciÃ³n HTML5 - password requerido vacÃ­o
ğŸ“ Paso 05: aparece un mensaje de datos equivocados
ğŸ“¸ Evidencias capturadas para paso 05: aparece un mensaje de datos equivocados
.âœ… Escenario completado: CP08 Login email correcto password vacÃ­o (PASSED)
â±ï¸  DuraciÃ³n: 9.67s
â° Timestamp fin: 2025-11-24T16:53:55.820Z
ğŸ“Š Total de pasos ejecutados: 5
ğŸ“ Evidencias guardadas en: _debug/
.ğŸ‘€ Ejecutando en modo visual para depuraciÃ³n
No se pudo limpiar usuarios de prueba: No se pudo limpiar usuarios de prueba
ğŸš€ Iniciando escenario: CP09 Login email incorrecto password correcto
â° Timestamp inicio: 2025-11-24T16:53:57.614Z
.Intentando limpiar usuarios de prueba...
ğŸ“ Paso 01: el usuario accede a la pagina de login
ğŸ“¸ Evidencias capturadas para paso 01: el usuario accede a la pagina de login
.ğŸ“ Paso 02: ingreso email de login "adminmalo@adminmalo.com"
ğŸ“¸ Evidencias capturadas para paso 02: ingreso email de login "adminmalo@adminmalo.com"
.ğŸ“ Paso 03: ingreso contraseÃ±a de login "Admin.123456789"
ğŸ“¸ Evidencias capturadas para paso 03: ingreso contraseÃ±a de login "Admin.123456789"
.ğŸ“ Paso 04: realizo el envÃ­o de los datos de login
ğŸ“¸ Evidencias capturadas para paso 04: realizo el envÃ­o de los datos de login
.Campos vacÃ­os con validaciÃ³n HTML5 - considerando como error vÃ¡lido
Mensaje de error encontrado: ValidaciÃ³n HTML5 - campos requeridos vacÃ­os
ğŸ“ Paso 05: aparece un mensaje de datos equivocados
ğŸ“¸ Evidencias capturadas para paso 05: aparece un mensaje de datos equivocados
.âœ… Escenario completado: CP09 Login email incorrecto password correcto (PASSED)
â±ï¸  DuraciÃ³n: 9.46s
â° Timestamp fin: 2025-11-24T16:54:07.078Z
ğŸ“Š Total de pasos ejecutados: 5
ğŸ“ Evidencias guardadas en: _debug/
.ğŸ‘€ Ejecutando en modo visual para depuraciÃ³n
No se pudo limpiar usuarios de prueba: No se pudo limpiar usuarios de prueba
ğŸš€ Iniciando escenario: CP10 Login email correcto password incorrecto
â° Timestamp inicio: 2025-11-24T16:54:08.644Z
.Intentando limpiar usuarios de prueba...
ğŸ“ Paso 01: el usuario accede a la pagina de login
ğŸ“¸ Evidencias capturadas para paso 01: el usuario accede a la pagina de login
.ğŸ“ Paso 02: ingreso email de login "an.salcedo@duocuc.cl"
ğŸ“¸ Evidencias capturadas para paso 02: ingreso email de login "an.salcedo@duocuc.cl"
.ğŸ“ Paso 03: ingreso contraseÃ±a de login "Passmala.1234"
ğŸ“¸ Evidencias capturadas para paso 03: ingreso contraseÃ±a de login "Passmala.1234"
.ğŸ“ Paso 04: realizo el envÃ­o de los datos de login
ğŸ“¸ Evidencias capturadas para paso 04: realizo el envÃ­o de los datos de login
.Campos vacÃ­os con validaciÃ³n HTML5 - considerando como error vÃ¡lido
Mensaje de error encontrado: ValidaciÃ³n HTML5 - campos requeridos vacÃ­os
ğŸ“ Paso 05: aparece un mensaje de datos equivocados
ğŸ“¸ Evidencias capturadas para paso 05: aparece un mensaje de datos equivocados
.âœ… Escenario completado: CP10 Login email correcto password incorrecto (PASSED)
â±ï¸  DuraciÃ³n: 9.50s
â° Timestamp fin: 2025-11-24T16:54:18.143Z
ğŸ“Š Total de pasos ejecutados: 5
ğŸ“ Evidencias guardadas en: _debug/
.ğŸ Finalizando ejecuciÃ³n de todas las pruebas...
âœ… EjecuciÃ³n completada - todos los recursos liberados


5 scenarios (5 passed)
25 steps (25 passed)
0m57.726s (executing steps: 0m57.176s)
âš ï¸  Finalizando proceso...
This Node.js version (v22.15.0) has not been tested with this version of Cucumber; it should work normally, but please raise an issue if you see anything unexpected.
ğŸ”§ ConfiguraciÃ³n de pruebas cargada desde .env.test
â±ï¸ Timeout de pruebas configurado a: 60000ms
ğŸ“ Manteniendo evidencias anteriores para mÃºltiples features
ğŸ“ Las nuevas evidencias se guardarÃ¡n en: _debug/
ğŸ‘€ Ejecutando en modo visual para depuraciÃ³n
No se pudo limpiar usuarios de prueba: No se pudo limpiar usuarios de prueba
ğŸš€ Iniciando escenario: CP10 Registrar producto correcto
â° Timestamp inicio: 2025-11-24T16:54:23.247Z
.Login exitoso - Texto encontrado: Ferremas
ğŸ“ Paso 01: el usuario accede a la pagina de registro de producto como administrador
ğŸ“¸ Evidencias capturadas para paso 01: el usuario accede a la pagina de registro de producto como administrador
.ğŸ“ Paso 02: accede al formulario de registro de producto
ğŸ“¸ Evidencias capturadas para paso 02: accede al formulario de registro de producto
.ğŸ“ Paso 03: ingreso nombre de producto "Producto1"
ğŸ“¸ Evidencias capturadas para paso 03: ingreso nombre de producto "Producto1"
.ğŸ“ Paso 04: ingreso descripciÃ³n de producto "Producto1"
ğŸ“¸ Evidencias capturadas para paso 04: ingreso descripciÃ³n de producto "Producto1"
.ğŸ“ Paso 05: ingreso precio de producto "11000"
ğŸ“¸ Evidencias capturadas para paso 05: ingreso precio de producto "11000"
.ğŸ“ Paso 06: selecciono marca de producto "Bosch"
ğŸ“¸ Evidencias capturadas para paso 06: selecciono marca de producto "Bosch"
.ğŸ“ Paso 07: selecciono categoria de producto "Herramientas ElÃ©ctricas"
ğŸ“¸ Evidencias capturadas para paso 07: selecciono categoria de producto "Herramientas ElÃ©ctricas"
.ğŸ“ Paso 08: el sistema guarda el producto correctamente
ğŸ“¸ Evidencias capturadas para paso 08: el sistema guarda el producto correctamente
.Uâš ï¸ Escenario completado: CP10 Registrar producto correcto (UNDEFINED)
â±ï¸  DuraciÃ³n: 10.37s
â° Timestamp fin: 2025-11-24T16:54:33.613Z
ğŸ“Š Total de pasos ejecutados: 8
ğŸ“ Evidencias guardadas en: _debug/
.ğŸ‘€ Ejecutando en modo visual para depuraciÃ³n
No se pudo limpiar usuarios de prueba: No se pudo limpiar usuarios de prueba
ğŸš€ Iniciando escenario: CP11 Registrar producto vacÃ­o
â° Timestamp inicio: 2025-11-24T16:54:35.172Z
.Login exitoso - Texto encontrado: Ferremas
ğŸ“ Paso 01: el usuario accede a la pagina de registro de producto como administrador
ğŸ“¸ Evidencias capturadas para paso 01: el usuario accede a la pagina de registro de producto como administrador
.ğŸ“ Paso 02: accede al formulario de registro de producto
ğŸ“¸ Evidencias capturadas para paso 02: accede al formulario de registro de producto
.ğŸ“ Paso 03: ingreso nombre de producto ""
ğŸ“¸ Evidencias capturadas para paso 03: ingreso nombre de producto ""
.ğŸ“ Paso 04: ingreso descripciÃ³n de producto ""
ğŸ“¸ Evidencias capturadas para paso 04: ingreso descripciÃ³n de producto ""
.ğŸ“ Paso 05: ingreso precio de producto ""
ğŸ“¸ Evidencias capturadas para paso 05: ingreso precio de producto ""
.ğŸ“ Paso 06: selecciono marca de producto ""
ğŸ“¸ Evidencias capturadas para paso 06: selecciono marca de producto ""
.ğŸ“ Paso 07: selecciono categoria de producto ""
ğŸ“¸ Evidencias capturadas para paso 07: selecciono categoria de producto ""
.ğŸ“ Paso 08: aparece mensaje de datos faltantes en producto
ğŸ“¸ Evidencias capturadas para paso 08: aparece mensaje de datos faltantes en producto
FâŒ Escenario completado: CP11 Registrar producto vacÃ­o (FAILED)
â±ï¸  DuraciÃ³n: 8.17s
â° Timestamp fin: 2025-11-24T16:54:43.344Z
ğŸ“Š Total de pasos ejecutados: 8
ğŸ“ Evidencias guardadas en: _debug/
.ğŸ‘€ Ejecutando en modo visual para depuraciÃ³n
No se pudo limpiar usuarios de prueba: No se pudo limpiar usuarios de prueba
ğŸš€ Iniciando escenario: CP12 Registrar producto con precio negativo
â° Timestamp inicio: 2025-11-24T16:54:44.826Z
.Login exitoso - Texto encontrado: Ferremas
ğŸ“ Paso 01: el usuario accede a la pagina de registro de producto como administrador
ğŸ“¸ Evidencias capturadas para paso 01: el usuario accede a la pagina de registro de producto como administrador
.ğŸ“ Paso 02: accede al formulario de registro de producto
ğŸ“¸ Evidencias capturadas para paso 02: accede al formulario de registro de producto
.ğŸ“ Paso 03: ingreso nombre de producto "Producto2"
ğŸ“¸ Evidencias capturadas para paso 03: ingreso nombre de producto "Producto2"
.ğŸ“ Paso 04: ingreso descripciÃ³n de producto "Producto2"
ğŸ“¸ Evidencias capturadas para paso 04: ingreso descripciÃ³n de producto "Producto2"
.ğŸ“ Paso 05: ingreso precio de producto "-1"
ğŸ“¸ Evidencias capturadas para paso 05: ingreso precio de producto "-1"
.ğŸ“ Paso 06: selecciono marca de producto "Bosch"
ğŸ“¸ Evidencias capturadas para paso 06: selecciono marca de producto "Bosch"
.ğŸ“ Paso 07: selecciono categoria de producto "Herramientas ElÃ©ctricas"
ğŸ“¸ Evidencias capturadas para paso 07: selecciono categoria de producto "Herramientas ElÃ©ctricas"
.ğŸ“ Paso 08: aparece mensaje de valor debe ser mayor a 0 en producto
ğŸ“¸ Evidencias capturadas para paso 08: aparece mensaje de valor debe ser mayor a 0 en producto
FâŒ Escenario completado: CP12 Registrar producto con precio negativo (FAILED)
â±ï¸  DuraciÃ³n: 9.24s
â° Timestamp fin: 2025-11-24T16:54:54.065Z
ğŸ“Š Total de pasos ejecutados: 8
ğŸ“ Evidencias guardadas en: _debug/
.ğŸ‘€ Ejecutando en modo visual para depuraciÃ³n
No se pudo limpiar usuarios de prueba: No se pudo limpiar usuarios de prueba
ğŸš€ Iniciando escenario: CP13 Registrar producto con precio 0
â° Timestamp inicio: 2025-11-24T16:54:56.370Z
.Login exitoso - Texto encontrado: Ferremas
ğŸ“ Paso 01: el usuario accede a la pagina de registro de producto como administrador
ğŸ“¸ Evidencias capturadas para paso 01: el usuario accede a la pagina de registro de producto como administrador
.ğŸ“ Paso 02: accede al formulario de registro de producto
ğŸ“¸ Evidencias capturadas para paso 02: accede al formulario de registro de producto
.ğŸ“ Paso 03: ingreso nombre de producto "Producto2"
ğŸ“¸ Evidencias capturadas para paso 03: ingreso nombre de producto "Producto2"
.ğŸ“ Paso 04: ingreso descripciÃ³n de producto "Producto2"
ğŸ“¸ Evidencias capturadas para paso 04: ingreso descripciÃ³n de producto "Producto2"
.ğŸ“ Paso 05: ingreso precio de producto "0"
ğŸ“¸ Evidencias capturadas para paso 05: ingreso precio de producto "0"
.ğŸ“ Paso 06: selecciono marca de producto "Bosch"
ğŸ“¸ Evidencias capturadas para paso 06: selecciono marca de producto "Bosch"
.ğŸ“ Paso 07: selecciono categoria de producto "Herramientas ElÃ©ctricas"
ğŸ“¸ Evidencias capturadas para paso 07: selecciono categoria de producto "Herramientas ElÃ©ctricas"
.ğŸ“ Paso 08: aparece mensaje de valor debe ser mayor a 0 en producto
ğŸ“¸ Evidencias capturadas para paso 08: aparece mensaje de valor debe ser mayor a 0 en producto
FâŒ Escenario completado: CP13 Registrar producto con precio 0 (FAILED)
â±ï¸  DuraciÃ³n: 9.67s
â° Timestamp fin: 2025-11-24T16:55:06.043Z
ğŸ“Š Total de pasos ejecutados: 8
ğŸ“ Evidencias guardadas en: _debug/
.ğŸ Finalizando ejecuciÃ³n de todas las pruebas...
âœ… EjecuciÃ³n completada - todos los recursos liberados


Failures:

1) Scenario: CP10 Registrar producto correcto # features\03_RegistrarProducto.feature:3
   âˆš Before # features\support\hooks.js:93
   âˆš Given el usuario accede a la pagina de registro de producto como administrador # features\step_definitions\registrar_producto_steps.js:6
   âˆš When accede al formulario de registro de producto # features\step_definitions\registrar_producto_steps.js:10
   âˆš And ingreso nombre de producto "Producto1" # features\step_definitions\registrar_producto_steps.js:15
   âˆš And ingreso descripciÃ³n de producto "Producto1" # features\step_definitions\registrar_producto_steps.js:21
   âˆš And ingreso precio de producto "11000" # features\step_definitions\registrar_producto_steps.js:27
   âˆš And selecciono marca de producto "Bosch" # features\step_definitions\registrar_producto_steps.js:33
   âˆš And selecciono categoria de producto "Herramientas ElÃ©ctricas" # features\step_definitions\registrar_producto_steps.js:39
   âˆš Then el sistema guarda el producto correctamente # features\step_definitions\registrar_producto_steps.js:45
   ? And lo muestra en el catÃ¡logo de productos
       Undefined. Implement with the following snippet:

         Then('lo muestra en el catÃ¡logo de productos', function () {
           // Write code here that turns the phrase above into concrete actions
           return 'pending';
         });

   âˆš After # features\support\hooks.js:254

2) Scenario: CP11 Registrar producto vacÃ­o # features\03_RegistrarProducto.feature:14
   âˆš Before # features\support\hooks.js:93
   âˆš Given el usuario accede a la pagina de registro de producto como administrador # features\step_definitions\registrar_producto_steps.js:6
   âˆš When accede al formulario de registro de producto # features\step_definitions\registrar_producto_steps.js:10
   âˆš And ingreso nombre de producto "" # features\step_definitions\registrar_producto_steps.js:15
   âˆš And ingreso descripciÃ³n de producto "" # features\step_definitions\registrar_producto_steps.js:21
   âˆš And ingreso precio de producto "" # features\step_definitions\registrar_producto_steps.js:27
   âˆš And selecciono marca de producto "" # features\step_definitions\registrar_producto_steps.js:33
   âˆš And selecciono categoria de producto "" # features\step_definitions\registrar_producto_steps.js:39
   Ã— Then aparece mensaje de datos faltantes en producto # features\step_definitions\registrar_producto_steps.js:59
       NoSuchElementError: no such element: Unable to locate element: {"method":"css selector","selector":".alert-danger"}
         (Session info: chrome=142.0.7444.175)
           at Object.throwDecodedError (D:\DUOC\semestre 6\AutomatizaciÃ³n de Pruebas\3\EA3\Entregable\Ferremas\Backend_Ferremas\node_modules\selenium-webdriver\lib\error.js:523:15)
           at parseHttpResponse (D:\DUOC\semestre 6\AutomatizaciÃ³n de Pruebas\3\EA3\Entregable\Ferremas\Backend_Ferremas\node_modules\selenium-webdriver\lib\http.js:524:13)
           at Executor.execute (D:\DUOC\semestre 6\AutomatizaciÃ³n de Pruebas\3\EA3\Entregable\Ferremas\Backend_Ferremas\node_modules\selenium-webdriver\lib\http.js:456:28)
           at process.processTicksAndRejections (node:internal/process/task_queues:105:5)
           at async Driver.execute (D:\DUOC\semestre 6\AutomatizaciÃ³n de Pruebas\3\EA3\Entregable\Ferremas\Backend_Ferremas\node_modules\selenium-webdriver\lib\webdriver.js:745:17)
           at async World.<anonymous> (D:\DUOC\semestre 6\AutomatizaciÃ³n de Pruebas\3\EA3\Entregable\Ferremas\Backend_Ferremas\features\step_definitions\registrar_producto_steps.js:60:14)
   âˆš After # features\support\hooks.js:254

3) Scenario: CP12 Registrar producto con precio negativo # features\03_RegistrarProducto.feature:24
   âˆš Before # features\support\hooks.js:93
   âˆš Given el usuario accede a la pagina de registro de producto como administrador # features\step_definitions\registrar_producto_steps.js:6
   âˆš When accede al formulario de registro de producto # features\step_definitions\registrar_producto_steps.js:10
   âˆš And ingreso nombre de producto "Producto2" # features\step_definitions\registrar_producto_steps.js:15
   âˆš And ingreso descripciÃ³n de producto "Producto2" # features\step_definitions\registrar_producto_steps.js:21
   âˆš And ingreso precio de producto "-1" # features\step_definitions\registrar_producto_steps.js:27
   âˆš And selecciono marca de producto "Bosch" # features\step_definitions\registrar_producto_steps.js:33
   âˆš And selecciono categoria de producto "Herramientas ElÃ©ctricas" # features\step_definitions\registrar_producto_steps.js:39
   Ã— Then aparece mensaje de valor debe ser mayor a 0 en producto # features\step_definitions\registrar_producto_steps.js:65
       NoSuchElementError: no such element: Unable to locate element: {"method":"css selector","selector":".alert-danger"}
         (Session info: chrome=142.0.7444.175)
           at Object.throwDecodedError (D:\DUOC\semestre 6\AutomatizaciÃ³n de Pruebas\3\EA3\Entregable\Ferremas\Backend_Ferremas\node_modules\selenium-webdriver\lib\error.js:523:15)
           at parseHttpResponse (D:\DUOC\semestre 6\AutomatizaciÃ³n de Pruebas\3\EA3\Entregable\Ferremas\Backend_Ferremas\node_modules\selenium-webdriver\lib\http.js:524:13)
           at Executor.execute (D:\DUOC\semestre 6\AutomatizaciÃ³n de Pruebas\3\EA3\Entregable\Ferremas\Backend_Ferremas\node_modules\selenium-webdriver\lib\http.js:456:28)
           at process.processTicksAndRejections (node:internal/process/task_queues:105:5)
           at async Driver.execute (D:\DUOC\semestre 6\AutomatizaciÃ³n de Pruebas\3\EA3\Entregable\Ferremas\Backend_Ferremas\node_modules\selenium-webdriver\lib\webdriver.js:745:17)
           at async World.<anonymous> (D:\DUOC\semestre 6\AutomatizaciÃ³n de Pruebas\3\EA3\Entregable\Ferremas\Backend_Ferremas\features\step_definitions\registrar_producto_steps.js:66:14)
   âˆš After # features\support\hooks.js:254

4) Scenario: CP13 Registrar producto con precio 0 # features\03_RegistrarProducto.feature:34
   âˆš Before # features\support\hooks.js:93
   âˆš Given el usuario accede a la pagina de registro de producto como administrador # features\step_definitions\registrar_producto_steps.js:6
   âˆš When accede al formulario de registro de producto # features\step_definitions\registrar_producto_steps.js:10
   âˆš And ingreso nombre de producto "Producto2" # features\step_definitions\registrar_producto_steps.js:15
   âˆš And ingreso descripciÃ³n de producto "Producto2" # features\step_definitions\registrar_producto_steps.js:21
   âˆš And ingreso precio de producto "0" # features\step_definitions\registrar_producto_steps.js:27
   âˆš And selecciono marca de producto "Bosch" # features\step_definitions\registrar_producto_steps.js:33
   âˆš And selecciono categoria de producto "Herramientas ElÃ©ctricas" # features\step_definitions\registrar_producto_steps.js:39
   Ã— Then aparece mensaje de valor debe ser mayor a 0 en producto # features\step_definitions\registrar_producto_steps.js:65
       NoSuchElementError: no such element: Unable to locate element: {"method":"css selector","selector":".alert-danger"}
         (Session info: chrome=142.0.7444.175)
           at Object.throwDecodedError (D:\DUOC\semestre 6\AutomatizaciÃ³n de Pruebas\3\EA3\Entregable\Ferremas\Backend_Ferremas\node_modules\selenium-webdriver\lib\error.js:523:15)
           at parseHttpResponse (D:\DUOC\semestre 6\AutomatizaciÃ³n de Pruebas\3\EA3\Entregable\Ferremas\Backend_Ferremas\node_modules\selenium-webdriver\lib\http.js:524:13)
           at Executor.execute (D:\DUOC\semestre 6\AutomatizaciÃ³n de Pruebas\3\EA3\Entregable\Ferremas\Backend_Ferremas\node_modules\selenium-webdriver\lib\http.js:456:28)
           at process.processTicksAndRejections (node:internal/process/task_queues:105:5)
           at async Driver.execute (D:\DUOC\semestre 6\AutomatizaciÃ³n de Pruebas\3\EA3\Entregable\Ferremas\Backend_Ferremas\node_modules\selenium-webdriver\lib\webdriver.js:745:17)
           at async World.<anonymous> (D:\DUOC\semestre 6\AutomatizaciÃ³n de Pruebas\3\EA3\Entregable\Ferremas\Backend_Ferremas\features\step_definitions\registrar_producto_steps.js:66:14)
   âˆš After # features\support\hooks.js:254

4 scenarios (3 failed, 1 undefined)
33 steps (3 failed, 1 undefined, 29 passed)
0m44.690s (executing steps: 0m44.112s)
âš ï¸  Finalizando proceso...
This Node.js version (v22.15.0) has not been tested with this version of Cucumber; it should work normally, but please raise an issue if you see anything unexpected.
ğŸ”§ ConfiguraciÃ³n de pruebas cargada desde .env.test
â±ï¸ Timeout de pruebas configurado a: 60000ms
ğŸ“ Manteniendo evidencias anteriores para mÃºltiples features
ğŸ“ Las nuevas evidencias se guardarÃ¡n en: _debug/
ğŸ‘€ Ejecutando en modo visual para depuraciÃ³n
No se pudo limpiar usuarios de prueba: No se pudo limpiar usuarios de prueba
ğŸš€ Iniciando escenario: CP14 Modificar producto correcto
â° Timestamp inicio: 2025-11-24T16:55:10.698Z
.Login exitoso - Texto encontrado: Ferremas
ğŸ“ Paso 01: el usuario accede a la pagina de modificar producto como administrador
ğŸ“¸ Evidencias capturadas para paso 01: el usuario accede a la pagina de modificar producto como administrador
.ğŸ“ Paso 02: accede al formulario de modificar producto
ğŸ“¸ Evidencias capturadas para paso 02: accede al formulario de modificar producto
.ğŸ“ Paso 03: ingreso nombre de producto modificado "Producto4"
ğŸ“¸ Evidencias capturadas para paso 03: ingreso nombre de producto modificado "Producto4"
.ğŸ“ Paso 04: el sistema guarda la modificaciÃ³n del producto correctamente
ğŸ“¸ Evidencias capturadas para paso 04: el sistema guarda la modificaciÃ³n del producto correctamente
.Uâš ï¸ Escenario completado: CP14 Modificar producto correcto (UNDEFINED)
â±ï¸  DuraciÃ³n: 6.80s
â° Timestamp fin: 2025-11-24T16:55:17.503Z
ğŸ“Š Total de pasos ejecutados: 4
ğŸ“ Evidencias guardadas en: _debug/
.ğŸ‘€ Ejecutando en modo visual para depuraciÃ³n
No se pudo limpiar usuarios de prueba: No se pudo limpiar usuarios de prueba
ğŸš€ Iniciando escenario: CP15 Modificar producto vacÃ­o
â° Timestamp inicio: 2025-11-24T16:55:19.000Z
.Login exitoso - Texto encontrado: Ferremas
ğŸ“ Paso 01: el usuario accede a la pagina de modificar producto como administrador
ğŸ“¸ Evidencias capturadas para paso 01: el usuario accede a la pagina de modificar producto como administrador
.ğŸ“ Paso 02: accede al formulario de modificar producto
ğŸ“¸ Evidencias capturadas para paso 02: accede al formulario de modificar producto
.ğŸ“ Paso 03: ingreso nombre de producto modificado ""
ğŸ“¸ Evidencias capturadas para paso 03: ingreso nombre de producto modificado ""
.ğŸ“ Paso 04: ingreso descripciÃ³n de producto modificado ""
ğŸ“¸ Evidencias capturadas para paso 04: ingreso descripciÃ³n de producto modificado ""
.ğŸ“ Paso 05: ingreso precio de producto modificado ""
ğŸ“¸ Evidencias capturadas para paso 05: ingreso precio de producto modificado ""
.ğŸ“ Paso 06: selecciono marca de producto modificado ""
ğŸ“¸ Evidencias capturadas para paso 06: selecciono marca de producto modificado ""
.ğŸ“ Paso 07: selecciono categoria de producto modificado ""
ğŸ“¸ Evidencias capturadas para paso 07: selecciono categoria de producto modificado ""
.ğŸ“ Paso 08: aparece mensaje de datos faltantes en producto modificado
ğŸ“¸ Evidencias capturadas para paso 08: aparece mensaje de datos faltantes en producto modificado
FâŒ Escenario completado: CP15 Modificar producto vacÃ­o (FAILED)
â±ï¸  DuraciÃ³n: 9.23s
â° Timestamp fin: 2025-11-24T16:55:28.226Z
ğŸ“Š Total de pasos ejecutados: 8
ğŸ“ Evidencias guardadas en: _debug/
.ğŸ‘€ Ejecutando en modo visual para depuraciÃ³n
No se pudo limpiar usuarios de prueba: No se pudo limpiar usuarios de prueba
ğŸš€ Iniciando escenario: CP16 Modificar producto con precio negativo
â° Timestamp inicio: 2025-11-24T16:55:29.751Z
.Login exitoso - Texto encontrado: Ferremas
ğŸ“ Paso 01: el usuario accede a la pagina de modificar producto como administrador
ğŸ“¸ Evidencias capturadas para paso 01: el usuario accede a la pagina de modificar producto como administrador
.ğŸ“ Paso 02: accede al formulario de modificar producto
ğŸ“¸ Evidencias capturadas para paso 02: accede al formulario de modificar producto
.ğŸ“ Paso 03: ingreso precio de producto modificado "-1"
ğŸ“¸ Evidencias capturadas para paso 03: ingreso precio de producto modificado "-1"
.ğŸ“ Paso 04: aparece mensaje de valor debe ser mayor a 0 en producto modificado
ğŸ“¸ Evidencias capturadas para paso 04: aparece mensaje de valor debe ser mayor a 0 en producto modificado
FâŒ Escenario completado: CP16 Modificar producto con precio negativo (FAILED)
â±ï¸  DuraciÃ³n: 7.98s
â° Timestamp fin: 2025-11-24T16:55:37.730Z
ğŸ“Š Total de pasos ejecutados: 4
ğŸ“ Evidencias guardadas en: _debug/
.ğŸ‘€ Ejecutando en modo visual para depuraciÃ³n
No se pudo limpiar usuarios de prueba: No se pudo limpiar usuarios de prueba
ğŸš€ Iniciando escenario: CP17 Modificar producto con precio 0
â° Timestamp inicio: 2025-11-24T16:55:39.406Z
.Login exitoso - Texto encontrado: Ferremas
ğŸ“ Paso 01: el usuario accede a la pagina de modificar producto como administrador
ğŸ“¸ Evidencias capturadas para paso 01: el usuario accede a la pagina de modificar producto como administrador
.ğŸ“ Paso 02: accede al formulario de modificar producto
ğŸ“¸ Evidencias capturadas para paso 02: accede al formulario de modificar producto
.ğŸ“ Paso 03: ingreso precio de producto modificado "0"
ğŸ“¸ Evidencias capturadas para paso 03: ingreso precio de producto modificado "0"
.ğŸ“ Paso 04: aparece mensaje de valor debe ser mayor a 0 en producto modificado
ğŸ“¸ Evidencias capturadas para paso 04: aparece mensaje de valor debe ser mayor a 0 en producto modificado
FâŒ Escenario completado: CP17 Modificar producto con precio 0 (FAILED)
â±ï¸  DuraciÃ³n: 8.68s
â° Timestamp fin: 2025-11-24T16:55:48.082Z
ğŸ“Š Total de pasos ejecutados: 4
ğŸ“ Evidencias guardadas en: _debug/
.ğŸ Finalizando ejecuciÃ³n de todas las pruebas...
âœ… EjecuciÃ³n completada - todos los recursos liberados


Failures:

1) Scenario: CP14 Modificar producto correcto # features\04_ModificarProducto.feature:3
   âˆš Before # features\support\hooks.js:93
   âˆš Given el usuario accede a la pagina de modificar producto como administrador # features\step_definitions\modificar_producto_steps.js:7
   âˆš When accede al formulario de modificar producto # features\step_definitions\modificar_producto_steps.js:11
   âˆš And ingreso nombre de producto modificado "Producto4" # features\step_definitions\modificar_producto_steps.js:16
   âˆš Then el sistema guarda la modificaciÃ³n del producto correctamente # features\step_definitions\modificar_producto_steps.js:44
   ? And lo muestra en el catÃ¡logo de productos
       Undefined. Implement with the following snippet:

         Then('lo muestra en el catÃ¡logo de productos', function () {
           // Write code here that turns the phrase above into concrete actions
           return 'pending';
         });

   âˆš After # features\support\hooks.js:254

2) Scenario: CP15 Modificar producto vacÃ­o # features\04_ModificarProducto.feature:10
   âˆš Before # features\support\hooks.js:93
   âˆš Given el usuario accede a la pagina de modificar producto como administrador # features\step_definitions\modificar_producto_steps.js:7
   âˆš When accede al formulario de modificar producto # features\step_definitions\modificar_producto_steps.js:11
   âˆš And ingreso nombre de producto modificado "" # features\step_definitions\modificar_producto_steps.js:16
   âˆš And ingreso descripciÃ³n de producto modificado "" # features\step_definitions\modificar_producto_steps.js:22
   âˆš And ingreso precio de producto modificado "" # features\step_definitions\modificar_producto_steps.js:28
   âˆš And selecciono marca de producto modificado "" # features\step_definitions\modificar_producto_steps.js:34
   âˆš And selecciono categoria de producto modificado "" # features\step_definitions\modificar_producto_steps.js:39
   Ã— Then aparece mensaje de datos faltantes en producto modificado # features\step_definitions\modificar_producto_steps.js:56
       NoSuchElementError: no such element: Unable to locate element: {"method":"css selector","selector":".alert-danger"}
         (Session info: chrome=142.0.7444.175)
           at Object.throwDecodedError (D:\DUOC\semestre 6\AutomatizaciÃ³n de Pruebas\3\EA3\Entregable\Ferremas\Backend_Ferremas\node_modules\selenium-webdriver\lib\error.js:523:15)
           at parseHttpResponse (D:\DUOC\semestre 6\AutomatizaciÃ³n de Pruebas\3\EA3\Entregable\Ferremas\Backend_Ferremas\node_modules\selenium-webdriver\lib\http.js:524:13)
           at Executor.execute (D:\DUOC\semestre 6\AutomatizaciÃ³n de Pruebas\3\EA3\Entregable\Ferremas\Backend_Ferremas\node_modules\selenium-webdriver\lib\http.js:456:28)
           at process.processTicksAndRejections (node:internal/process/task_queues:105:5)
           at async Driver.execute (D:\DUOC\semestre 6\AutomatizaciÃ³n de Pruebas\3\EA3\Entregable\Ferremas\Backend_Ferremas\node_modules\selenium-webdriver\lib\webdriver.js:745:17)
           at async World.<anonymous> (D:\DUOC\semestre 6\AutomatizaciÃ³n de Pruebas\3\EA3\Entregable\Ferremas\Backend_Ferremas\features\step_definitions\modificar_producto_steps.js:57:14)
   âˆš After # features\support\hooks.js:254

3) Scenario: CP16 Modificar producto con precio negativo # features\04_ModificarProducto.feature:20
   âˆš Before # features\support\hooks.js:93
   âˆš Given el usuario accede a la pagina de modificar producto como administrador # features\step_definitions\modificar_producto_steps.js:7
   âˆš When accede al formulario de modificar producto # features\step_definitions\modificar_producto_steps.js:11
   âˆš And ingreso precio de producto modificado "-1" # features\step_definitions\modificar_producto_steps.js:28
   Ã— Then aparece mensaje de valor debe ser mayor a 0 en producto modificado # features\step_definitions\modificar_producto_steps.js:62
       NoSuchElementError: no such element: Unable to locate element: {"method":"css selector","selector":".alert-danger"}
         (Session info: chrome=142.0.7444.175)
           at Object.throwDecodedError (D:\DUOC\semestre 6\AutomatizaciÃ³n de Pruebas\3\EA3\Entregable\Ferremas\Backend_Ferremas\node_modules\selenium-webdriver\lib\error.js:523:15)
           at parseHttpResponse (D:\DUOC\semestre 6\AutomatizaciÃ³n de Pruebas\3\EA3\Entregable\Ferremas\Backend_Ferremas\node_modules\selenium-webdriver\lib\http.js:524:13)
           at Executor.execute (D:\DUOC\semestre 6\AutomatizaciÃ³n de Pruebas\3\EA3\Entregable\Ferremas\Backend_Ferremas\node_modules\selenium-webdriver\lib\http.js:456:28)
           at process.processTicksAndRejections (node:internal/process/task_queues:105:5)
           at async Driver.execute (D:\DUOC\semestre 6\AutomatizaciÃ³n de Pruebas\3\EA3\Entregable\Ferremas\Backend_Ferremas\node_modules\selenium-webdriver\lib\webdriver.js:745:17)
           at async World.<anonymous> (D:\DUOC\semestre 6\AutomatizaciÃ³n de Pruebas\3\EA3\Entregable\Ferremas\Backend_Ferremas\features\step_definitions\modificar_producto_steps.js:63:14)
   âˆš After # features\support\hooks.js:254

4) Scenario: CP17 Modificar producto con precio 0 # features\04_ModificarProducto.feature:26
   âˆš Before # features\support\hooks.js:93
   âˆš Given el usuario accede a la pagina de modificar producto como administrador # features\step_definitions\modificar_producto_steps.js:7
   âˆš When accede al formulario de modificar producto # features\step_definitions\modificar_producto_steps.js:11
   âˆš And ingreso precio de producto modificado "0" # features\step_definitions\modificar_producto_steps.js:28
   Ã— Then aparece mensaje de valor debe ser mayor a 0 en producto modificado # features\step_definitions\modificar_producto_steps.js:62
       NoSuchElementError: no such element: Unable to locate element: {"method":"css selector","selector":".alert-danger"}
         (Session info: chrome=142.0.7444.175)
           at Object.throwDecodedError (D:\DUOC\semestre 6\AutomatizaciÃ³n de Pruebas\3\EA3\Entregable\Ferremas\Backend_Ferremas\node_modules\selenium-webdriver\lib\error.js:523:15)
           at parseHttpResponse (D:\DUOC\semestre 6\AutomatizaciÃ³n de Pruebas\3\EA3\Entregable\Ferremas\Backend_Ferremas\node_modules\selenium-webdriver\lib\http.js:524:13)
           at Executor.execute (D:\DUOC\semestre 6\AutomatizaciÃ³n de Pruebas\3\EA3\Entregable\Ferremas\Backend_Ferremas\node_modules\selenium-webdriver\lib\http.js:456:28)
           at process.processTicksAndRejections (node:internal/process/task_queues:105:5)
           at async Driver.execute (D:\DUOC\semestre 6\AutomatizaciÃ³n de Pruebas\3\EA3\Entregable\Ferremas\Backend_Ferremas\node_modules\selenium-webdriver\lib\webdriver.js:745:17)
           at async World.<anonymous> (D:\DUOC\semestre 6\AutomatizaciÃ³n de Pruebas\3\EA3\Entregable\Ferremas\Backend_Ferremas\features\step_definitions\modificar_producto_steps.js:63:14)
   âˆš After # features\support\hooks.js:254

4 scenarios (3 failed, 1 undefined)
21 steps (3 failed, 1 undefined, 17 passed)
0m39.327s (executing steps: 0m38.760s)
âš ï¸  Finalizando proceso...
This Node.js version (v22.15.0) has not been tested with this version of Cucumber; it should work normally, but please raise an issue if you see anything unexpected.
ğŸ”§ ConfiguraciÃ³n de pruebas cargada desde .env.test
â±ï¸ Timeout de pruebas configurado a: 60000ms
ğŸ“ Manteniendo evidencias anteriores para mÃºltiples features
ğŸ“ Las nuevas evidencias se guardarÃ¡n en: _debug/
ğŸ‘€ Ejecutando en modo visual para depuraciÃ³n
No se pudo limpiar usuarios de prueba: No se pudo limpiar usuarios de prueba
ğŸš€ Iniciando escenario: CP18 Modificar usuario correcto
â° Timestamp inicio: 2025-11-24T16:55:53.451Z
.Login exitoso - Texto encontrado: Ferremas
ğŸ“ Paso 01: el usuario accede a la pagina de modificar usuario como administrador
ğŸ“¸ Evidencias capturadas para paso 01: el usuario accede a la pagina de modificar usuario como administrador
.ğŸ“ Paso 02: accede al listado de usuario para modificar
ğŸ“¸ Evidencias capturadas para paso 02: accede al listado de usuario para modificar
.ğŸ“ Paso 03: click en modificar usuario "Juan PÃ©rez"
ğŸ“¸ Evidencias capturadas para paso 03: click en modificar usuario "Juan PÃ©rez"
F-------âŒ Escenario completado: CP18 Modificar usuario correcto (FAILED)
â±ï¸  DuraciÃ³n: 7.71s
â° Timestamp fin: 2025-11-24T16:56:01.155Z
ğŸ“Š Total de pasos ejecutados: 3
ğŸ“ Evidencias guardadas en: _debug/
.ğŸ‘€ Ejecutando en modo visual para depuraciÃ³n
No se pudo limpiar usuarios de prueba: No se pudo limpiar usuarios de prueba
ğŸš€ Iniciando escenario: CP19 Modificar usuario con rut duplicado
â° Timestamp inicio: 2025-11-24T16:56:02.687Z
.Login exitoso - Texto encontrado: Ferremas
ğŸ“ Paso 01: el usuario accede a la pagina de modificar usuario como administrador
ğŸ“¸ Evidencias capturadas para paso 01: el usuario accede a la pagina de modificar usuario como administrador
.ğŸ“ Paso 02: accede al listado de usuario para modificar
ğŸ“¸ Evidencias capturadas para paso 02: accede al listado de usuario para modificar
.ğŸ“ Paso 03: click en modificar usuario "Juan PÃ©rez"
ğŸ“¸ Evidencias capturadas para paso 03: click en modificar usuario "Juan PÃ©rez"
F------âŒ Escenario completado: CP19 Modificar usuario con rut duplicado (FAILED)
â±ï¸  DuraciÃ³n: 6.38s
â° Timestamp fin: 2025-11-24T16:56:09.064Z
ğŸ“Š Total de pasos ejecutados: 3
ğŸ“ Evidencias guardadas en: _debug/
.ğŸ‘€ Ejecutando en modo visual para depuraciÃ³n
No se pudo limpiar usuarios de prueba: No se pudo limpiar usuarios de prueba
ğŸš€ Iniciando escenario: CP20 Modificar usuario con rut vacio
â° Timestamp inicio: 2025-11-24T16:56:10.622Z
.Login exitoso - Texto encontrado: Ferremas
ğŸ“ Paso 01: el usuario accede a la pagina de modificar usuario como administrador
ğŸ“¸ Evidencias capturadas para paso 01: el usuario accede a la pagina de modificar usuario como administrador
.ğŸ“ Paso 02: accede al listado de usuario para modificar
ğŸ“¸ Evidencias capturadas para paso 02: accede al listado de usuario para modificar
.ğŸ“ Paso 03: click en modificar usuario "Juan PÃ©rez"
ğŸ“¸ Evidencias capturadas para paso 03: click en modificar usuario "Juan PÃ©rez"
F------âŒ Escenario completado: CP20 Modificar usuario con rut vacio (FAILED)
â±ï¸  DuraciÃ³n: 7.85s
â° Timestamp fin: 2025-11-24T16:56:18.473Z
ğŸ“Š Total de pasos ejecutados: 3
ğŸ“ Evidencias guardadas en: _debug/
.ğŸ‘€ Ejecutando en modo visual para depuraciÃ³n
No se pudo limpiar usuarios de prueba: No se pudo limpiar usuarios de prueba
ğŸš€ Iniciando escenario: CP21 Modificar usuario con mail duplicado
â° Timestamp inicio: 2025-11-24T16:56:19.968Z
.Login exitoso - Texto encontrado: Ferremas
ğŸ“ Paso 01: el usuario accede a la pagina de modificar usuario como administrador
ğŸ“¸ Evidencias capturadas para paso 01: el usuario accede a la pagina de modificar usuario como administrador
.ğŸ“ Paso 02: accede al listado de usuario para modificar
ğŸ“¸ Evidencias capturadas para paso 02: accede al listado de usuario para modificar
.ğŸ“ Paso 03: click en modificar usuario "Juan PÃ©rez"
ğŸ“¸ Evidencias capturadas para paso 03: click en modificar usuario "Juan PÃ©rez"
F------âŒ Escenario completado: CP21 Modificar usuario con mail duplicado (FAILED)
â±ï¸  DuraciÃ³n: 6.56s
â° Timestamp fin: 2025-11-24T16:56:26.532Z
ğŸ“Š Total de pasos ejecutados: 3
ğŸ“ Evidencias guardadas en: _debug/
.ğŸ‘€ Ejecutando en modo visual para depuraciÃ³n
No se pudo limpiar usuarios de prueba: No se pudo limpiar usuarios de prueba
ğŸš€ Iniciando escenario: CP22 Modificar usuario con mail vacio
â° Timestamp inicio: 2025-11-24T16:56:28.112Z
.Login exitoso - Texto encontrado: Ferremas
ğŸ“ Paso 01: el usuario accede a la pagina de modificar usuario como administrador
ğŸ“¸ Evidencias capturadas para paso 01: el usuario accede a la pagina de modificar usuario como administrador
.ğŸ“ Paso 02: accede al listado de usuario para modificar
ğŸ“¸ Evidencias capturadas para paso 02: accede al listado de usuario para modificar
.ğŸ“ Paso 03: click en modificar usuario "Juan PÃ©rez"
ğŸ“¸ Evidencias capturadas para paso 03: click en modificar usuario "Juan PÃ©rez"
F------âŒ Escenario completado: CP22 Modificar usuario con mail vacio (FAILED)
â±ï¸  DuraciÃ³n: 7.16s
â° Timestamp fin: 2025-11-24T16:56:35.270Z
ğŸ“Š Total de pasos ejecutados: 3
ğŸ“ Evidencias guardadas en: _debug/
.ğŸ Finalizando ejecuciÃ³n de todas las pruebas...
âœ… EjecuciÃ³n completada - todos los recursos liberados


Failures:

1) Scenario: CP18 Modificar usuario correcto # features\05_ModificarUsuario.feature:3
   âˆš Before # features\support\hooks.js:93
   âˆš Given el usuario accede a la pagina de modificar usuario como administrador # features\step_definitions\modificar_usuario_steps.js:6
   âˆš When accede al listado de usuario para modificar # features\step_definitions\modificar_usuario_steps.js:10
   Ã— And click en modificar usuario "Juan PÃ©rez" # features\step_definitions\modificar_usuario_steps.js:15
       NoSuchElementError: no such element: Unable to locate element: {"method":"xpath","selector":"//tr[td[contains(text(),"Juan PÃ©rez")]]//button[contains(@class,'modificar')]"}
         (Session info: chrome=142.0.7444.175)
           at Object.throwDecodedError (D:\DUOC\semestre 6\AutomatizaciÃ³n de Pruebas\3\EA3\Entregable\Ferremas\Backend_Ferremas\node_modules\selenium-webdriver\lib\error.js:523:15)
           at parseHttpResponse (D:\DUOC\semestre 6\AutomatizaciÃ³n de Pruebas\3\EA3\Entregable\Ferremas\Backend_Ferremas\node_modules\selenium-webdriver\lib\http.js:524:13)
           at Executor.execute (D:\DUOC\semestre 6\AutomatizaciÃ³n de Pruebas\3\EA3\Entregable\Ferremas\Backend_Ferremas\node_modules\selenium-webdriver\lib\http.js:456:28)
           at process.processTicksAndRejections (node:internal/process/task_queues:105:5)
           at async Driver.execute (D:\DUOC\semestre 6\AutomatizaciÃ³n de Pruebas\3\EA3\Entregable\Ferremas\Backend_Ferremas\node_modules\selenium-webdriver\lib\webdriver.js:745:17)
           at async World.<anonymous> (D:\DUOC\semestre 6\AutomatizaciÃ³n de Pruebas\3\EA3\Entregable\Ferremas\Backend_Ferremas\features\step_definitions\modificar_usuario_steps.js:16:15)
   - And ingreso nombre de usuario modificado "Juan PÃ©rez 2" # features\step_definitions\modificar_usuario_steps.js:21
   - And ingreso contraseÃ±a de usuario modificado "ContraseÃ±a.1234" # features\step_definitions\modificar_usuario_steps.js:27
   - And selecciono rol de usuario modificado "Administrador" # features\step_definitions\modificar_usuario_steps.js:45
   - And selecciono sucursal de usuario modificado "Sucursal Santiago Centro2" # features\step_definitions\modificar_usuario_steps.js:50
   - And click en crear usuario modificado # features\step_definitions\modificar_usuario_steps.js:55
   - Then aparece mensaje de que usuario modificado exitosamente # features\step_definitions\modificar_usuario_steps.js:61
   - And muestra lista de usuarios modificados # features\step_definitions\modificar_usuario_steps.js:67
   âˆš After # features\support\hooks.js:254

2) Scenario: CP19 Modificar usuario con rut duplicado # features\05_ModificarUsuario.feature:15
   âˆš Before # features\support\hooks.js:93
   âˆš Given el usuario accede a la pagina de modificar usuario como administrador # features\step_definitions\modificar_usuario_steps.js:6
   âˆš When accede al listado de usuario para modificar # features\step_definitions\modificar_usuario_steps.js:10
   Ã— And click en modificar usuario "Juan PÃ©rez" # features\step_definitions\modificar_usuario_steps.js:15
       NoSuchElementError: no such element: Unable to locate element: {"method":"xpath","selector":"//tr[td[contains(text(),"Juan PÃ©rez")]]//button[contains(@class,'modificar')]"}
         (Session info: chrome=142.0.7444.175)
           at Object.throwDecodedError (D:\DUOC\semestre 6\AutomatizaciÃ³n de Pruebas\3\EA3\Entregable\Ferremas\Backend_Ferremas\node_modules\selenium-webdriver\lib\error.js:523:15)
           at parseHttpResponse (D:\DUOC\semestre 6\AutomatizaciÃ³n de Pruebas\3\EA3\Entregable\Ferremas\Backend_Ferremas\node_modules\selenium-webdriver\lib\http.js:524:13)
           at Executor.execute (D:\DUOC\semestre 6\AutomatizaciÃ³n de Pruebas\3\EA3\Entregable\Ferremas\Backend_Ferremas\node_modules\selenium-webdriver\lib\http.js:456:28)
           at process.processTicksAndRejections (node:internal/process/task_queues:105:5)
           at async Driver.execute (D:\DUOC\semestre 6\AutomatizaciÃ³n de Pruebas\3\EA3\Entregable\Ferremas\Backend_Ferremas\node_modules\selenium-webdriver\lib\webdriver.js:745:17)
           at async World.<anonymous> (D:\DUOC\semestre 6\AutomatizaciÃ³n de Pruebas\3\EA3\Entregable\Ferremas\Backend_Ferremas\features\step_definitions\modificar_usuario_steps.js:16:15)
   - And ingreso contraseÃ±a de usuario modificado "ContraseÃ±a.1234" # features\step_definitions\modificar_usuario_steps.js:27
   - And ingreso rut de usuario modificado "19134035-3" # features\step_definitions\modificar_usuario_steps.js:33
   - And selecciono rol de usuario modificado "Administrador" # features\step_definitions\modificar_usuario_steps.js:45
   - And selecciono sucursal de usuario modificado "Sucursal Santiago Centro2" # features\step_definitions\modificar_usuario_steps.js:50
   - And click en crear usuario modificado # features\step_definitions\modificar_usuario_steps.js:55
   - Then aparece mensaje de que el rut ya esta registrado en usuario modificado # features\step_definitions\modificar_usuario_steps.js:73
   âˆš After # features\support\hooks.js:254

3) Scenario: CP20 Modificar usuario con rut vacio # features\05_ModificarUsuario.feature:26
   âˆš Before # features\support\hooks.js:93
   âˆš Given el usuario accede a la pagina de modificar usuario como administrador # features\step_definitions\modificar_usuario_steps.js:6
   âˆš When accede al listado de usuario para modificar # features\step_definitions\modificar_usuario_steps.js:10
   Ã— And click en modificar usuario "Juan PÃ©rez" # features\step_definitions\modificar_usuario_steps.js:15
       NoSuchElementError: no such element: Unable to locate element: {"method":"xpath","selector":"//tr[td[contains(text(),"Juan PÃ©rez")]]//button[contains(@class,'modificar')]"}
         (Session info: chrome=142.0.7444.175)
           at Object.throwDecodedError (D:\DUOC\semestre 6\AutomatizaciÃ³n de Pruebas\3\EA3\Entregable\Ferremas\Backend_Ferremas\node_modules\selenium-webdriver\lib\error.js:523:15)
           at parseHttpResponse (D:\DUOC\semestre 6\AutomatizaciÃ³n de Pruebas\3\EA3\Entregable\Ferremas\Backend_Ferremas\node_modules\selenium-webdriver\lib\http.js:524:13)
           at Executor.execute (D:\DUOC\semestre 6\AutomatizaciÃ³n de Pruebas\3\EA3\Entregable\Ferremas\Backend_Ferremas\node_modules\selenium-webdriver\lib\http.js:456:28)
           at process.processTicksAndRejections (node:internal/process/task_queues:105:5)
           at async Driver.execute (D:\DUOC\semestre 6\AutomatizaciÃ³n de Pruebas\3\EA3\Entregable\Ferremas\Backend_Ferremas\node_modules\selenium-webdriver\lib\webdriver.js:745:17)
           at async World.<anonymous> (D:\DUOC\semestre 6\AutomatizaciÃ³n de Pruebas\3\EA3\Entregable\Ferremas\Backend_Ferremas\features\step_definitions\modificar_usuario_steps.js:16:15)
   - And ingreso contraseÃ±a de usuario modificado "ContraseÃ±a.1234" # features\step_definitions\modificar_usuario_steps.js:27
   - And ingreso rut de usuario modificado "" # features\step_definitions\modificar_usuario_steps.js:33
   - And selecciono rol de usuario modificado "Administrador" # features\step_definitions\modificar_usuario_steps.js:45
   - And selecciono sucursal de usuario modificado "Sucursal Santiago Centro" # features\step_definitions\modificar_usuario_steps.js:50
   - And click en crear usuario modificado # features\step_definitions\modificar_usuario_steps.js:55
   - Then aparece mensaje de que falta ingresar el rut en usuario modificado # features\step_definitions\modificar_usuario_steps.js:79
   âˆš After # features\support\hooks.js:254

4) Scenario: CP21 Modificar usuario con mail duplicado # features\05_ModificarUsuario.feature:37
   âˆš Before # features\support\hooks.js:93
   âˆš Given el usuario accede a la pagina de modificar usuario como administrador # features\step_definitions\modificar_usuario_steps.js:6
   âˆš When accede al listado de usuario para modificar # features\step_definitions\modificar_usuario_steps.js:10
   Ã— And click en modificar usuario "Juan PÃ©rez" # features\step_definitions\modificar_usuario_steps.js:15
       NoSuchElementError: no such element: Unable to locate element: {"method":"xpath","selector":"//tr[td[contains(text(),"Juan PÃ©rez")]]//button[contains(@class,'modificar')]"}
         (Session info: chrome=142.0.7444.175)
           at Object.throwDecodedError (D:\DUOC\semestre 6\AutomatizaciÃ³n de Pruebas\3\EA3\Entregable\Ferremas\Backend_Ferremas\node_modules\selenium-webdriver\lib\error.js:523:15)
           at parseHttpResponse (D:\DUOC\semestre 6\AutomatizaciÃ³n de Pruebas\3\EA3\Entregable\Ferremas\Backend_Ferremas\node_modules\selenium-webdriver\lib\http.js:524:13)
           at Executor.execute (D:\DUOC\semestre 6\AutomatizaciÃ³n de Pruebas\3\EA3\Entregable\Ferremas\Backend_Ferremas\node_modules\selenium-webdriver\lib\http.js:456:28)
           at process.processTicksAndRejections (node:internal/process/task_queues:105:5)
           at async Driver.execute (D:\DUOC\semestre 6\AutomatizaciÃ³n de Pruebas\3\EA3\Entregable\Ferremas\Backend_Ferremas\node_modules\selenium-webdriver\lib\webdriver.js:745:17)
           at async World.<anonymous> (D:\DUOC\semestre 6\AutomatizaciÃ³n de Pruebas\3\EA3\Entregable\Ferremas\Backend_Ferremas\features\step_definitions\modificar_usuario_steps.js:16:15)
   - And ingreso contraseÃ±a de usuario modificado "ContraseÃ±a.1234" # features\step_definitions\modificar_usuario_steps.js:27
   - And ingreso email de usuario modificado "an.salcedo@duocuc.cl" # features\step_definitions\modificar_usuario_steps.js:39
   - And selecciono rol de usuario modificado "Administrador" # features\step_definitions\modificar_usuario_steps.js:45
   - And selecciono sucursal de usuario modificado "Sucursal Santiago Centro" # features\step_definitions\modificar_usuario_steps.js:50
   - And click en crear usuario modificado # features\step_definitions\modificar_usuario_steps.js:55
   - Then aparece mensaje de que el email ya esta registrado en usuario modificado # features\step_definitions\modificar_usuario_steps.js:85
   âˆš After # features\support\hooks.js:254

5) Scenario: CP22 Modificar usuario con mail vacio # features\05_ModificarUsuario.feature:48
   âˆš Before # features\support\hooks.js:93
   âˆš Given el usuario accede a la pagina de modificar usuario como administrador # features\step_definitions\modificar_usuario_steps.js:6
   âˆš When accede al listado de usuario para modificar # features\step_definitions\modificar_usuario_steps.js:10
   Ã— And click en modificar usuario "Juan PÃ©rez" # features\step_definitions\modificar_usuario_steps.js:15
       NoSuchElementError: no such element: Unable to locate element: {"method":"xpath","selector":"//tr[td[contains(text(),"Juan PÃ©rez")]]//button[contains(@class,'modificar')]"}
         (Session info: chrome=142.0.7444.175)
           at Object.throwDecodedError (D:\DUOC\semestre 6\AutomatizaciÃ³n de Pruebas\3\EA3\Entregable\Ferremas\Backend_Ferremas\node_modules\selenium-webdriver\lib\error.js:523:15)
           at parseHttpResponse (D:\DUOC\semestre 6\AutomatizaciÃ³n de Pruebas\3\EA3\Entregable\Ferremas\Backend_Ferremas\node_modules\selenium-webdriver\lib\http.js:524:13)
           at Executor.execute (D:\DUOC\semestre 6\AutomatizaciÃ³n de Pruebas\3\EA3\Entregable\Ferremas\Backend_Ferremas\node_modules\selenium-webdriver\lib\http.js:456:28)
           at process.processTicksAndRejections (node:internal/process/task_queues:105:5)
           at async Driver.execute (D:\DUOC\semestre 6\AutomatizaciÃ³n de Pruebas\3\EA3\Entregable\Ferremas\Backend_Ferremas\node_modules\selenium-webdriver\lib\webdriver.js:745:17)
           at async World.<anonymous> (D:\DUOC\semestre 6\AutomatizaciÃ³n de Pruebas\3\EA3\Entregable\Ferremas\Backend_Ferremas\features\step_definitions\modificar_usuario_steps.js:16:15)
   - And ingreso contraseÃ±a de usuario modificado "ContraseÃ±a.1234" # features\step_definitions\modificar_usuario_steps.js:27
   - And ingreso email de usuario modificado "" # features\step_definitions\modificar_usuario_steps.js:39
   - And selecciono rol de usuario modificado "Administrador" # features\step_definitions\modificar_usuario_steps.js:45
   - And selecciono sucursal de usuario modificado "Sucursal Santiago Centro" # features\step_definitions\modificar_usuario_steps.js:50
   - And click en crear usuario modificado # features\step_definitions\modificar_usuario_steps.js:55
   - Then aparece mensaje de que falta ingresar el email en usuario modificado # features\step_definitions\modificar_usuario_steps.js:91
   âˆš After # features\support\hooks.js:254

5 scenarios (5 failed)
46 steps (5 failed, 31 skipped, 10 passed)
0m43.931s (executing steps: 0m43.337s)
âš ï¸  Finalizando proceso...
This Node.js version (v22.15.0) has not been tested with this version of Cucumber; it should work normally, but please raise an issue if you see anything unexpected.
ğŸ”§ ConfiguraciÃ³n de pruebas cargada desde .env.test
â±ï¸ Timeout de pruebas configurado a: 60000ms
ğŸ“ Manteniendo evidencias anteriores para mÃºltiples features
ğŸ“ Las nuevas evidencias se guardarÃ¡n en: _debug/
ğŸ‘€ Ejecutando en modo visual para depuraciÃ³n
No se pudo limpiar usuarios de prueba: No se pudo limpiar usuarios de prueba
ğŸš€ Iniciando escenario: CP23 Eliminar usuario correcto
â° Timestamp inicio: 2025-11-24T16:56:40.037Z
.Login exitoso - Texto encontrado: Ferremas
ğŸ“ Paso 01: el usuario accede a la pagina de eliminar usuario como administrador
ğŸ“¸ Evidencias capturadas para paso 01: el usuario accede a la pagina de eliminar usuario como administrador
.ğŸ“ Paso 02: accede al listado de usuario para eliminar
ğŸ“¸ Evidencias capturadas para paso 02: accede al listado de usuario para eliminar
.ğŸ“ Paso 03: click en eliminar usuario "Juan PÃ©rez"
ğŸ“¸ Evidencias capturadas para paso 03: click en eliminar usuario "Juan PÃ©rez"
F---âŒ Escenario completado: CP23 Eliminar usuario correcto (FAILED)
â±ï¸  DuraciÃ³n: 8.34s
â° Timestamp fin: 2025-11-24T16:56:48.372Z
ğŸ“Š Total de pasos ejecutados: 3
ğŸ“ Evidencias guardadas en: _debug/
.ğŸ‘€ Ejecutando en modo visual para depuraciÃ³n
No se pudo limpiar usuarios de prueba: No se pudo limpiar usuarios de prueba
ğŸš€ Iniciando escenario: CP24 Cancelar eliminar usuario
â° Timestamp inicio: 2025-11-24T16:56:49.929Z
.Login exitoso - Texto encontrado: Ferremas
ğŸ“ Paso 01: el usuario accede a la pagina de eliminar usuario como administrador
ğŸ“¸ Evidencias capturadas para paso 01: el usuario accede a la pagina de eliminar usuario como administrador
.ğŸ“ Paso 02: accede al listado de usuario para eliminar
ğŸ“¸ Evidencias capturadas para paso 02: accede al listado de usuario para eliminar
.ğŸ“ Paso 03: click en eliminar usuario "Juan PÃ©rez"
ğŸ“¸ Evidencias capturadas para paso 03: click en eliminar usuario "Juan PÃ©rez"
F---âŒ Escenario completado: CP24 Cancelar eliminar usuario (FAILED)
â±ï¸  DuraciÃ³n: 6.30s
â° Timestamp fin: 2025-11-24T16:56:56.230Z
ğŸ“Š Total de pasos ejecutados: 3
ğŸ“ Evidencias guardadas en: _debug/
.ğŸ Finalizando ejecuciÃ³n de todas las pruebas...
âœ… EjecuciÃ³n completada - todos los recursos liberados


Failures:

1) Scenario: CP23 Eliminar usuario correcto # features\06_EliminarUsuario.feature:3
   âˆš Before # features\support\hooks.js:93
   âˆš Given el usuario accede a la pagina de eliminar usuario como administrador # features\step_definitions\eliminar_usuario_steps.js:6
   âˆš When accede al listado de usuario para eliminar # features\step_definitions\eliminar_usuario_steps.js:10
   Ã— And click en eliminar usuario "Juan PÃ©rez" # features\step_definitions\eliminar_usuario_steps.js:15
       NoSuchElementError: no such element: Unable to locate element: {"method":"xpath","selector":"//tr[td[contains(text(),"Juan PÃ©rez")]]//button[contains(@class,'eliminar')]"}
         (Session info: chrome=142.0.7444.175)
           at Object.throwDecodedError (D:\DUOC\semestre 6\AutomatizaciÃ³n de Pruebas\3\EA3\Entregable\Ferremas\Backend_Ferremas\node_modules\selenium-webdriver\lib\error.js:523:15)
           at parseHttpResponse (D:\DUOC\semestre 6\AutomatizaciÃ³n de Pruebas\3\EA3\Entregable\Ferremas\Backend_Ferremas\node_modules\selenium-webdriver\lib\http.js:524:13)
           at Executor.execute (D:\DUOC\semestre 6\AutomatizaciÃ³n de Pruebas\3\EA3\Entregable\Ferremas\Backend_Ferremas\node_modules\selenium-webdriver\lib\http.js:456:28)
           at process.processTicksAndRejections (node:internal/process/task_queues:105:5)
           at async Driver.execute (D:\DUOC\semestre 6\AutomatizaciÃ³n de Pruebas\3\EA3\Entregable\Ferremas\Backend_Ferremas\node_modules\selenium-webdriver\lib\webdriver.js:745:17)
           at async World.<anonymous> (D:\DUOC\semestre 6\AutomatizaciÃ³n de Pruebas\3\EA3\Entregable\Ferremas\Backend_Ferremas\features\step_definitions\eliminar_usuario_steps.js:16:15)
   - And click en confirmar eliminaciÃ³n de usuario # features\step_definitions\eliminar_usuario_steps.js:21
   - Then aparece mensaje de usuario eliminado exitosamente # features\step_definitions\eliminar_usuario_steps.js:47
   - And el usuario es eliminado de la lista de usuarios registrados # features\step_definitions\eliminar_usuario_steps.js:53
   âˆš After # features\support\hooks.js:254

2) Scenario: CP24 Cancelar eliminar usuario # features\06_EliminarUsuario.feature:11
   âˆš Before # features\support\hooks.js:93
   âˆš Given el usuario accede a la pagina de eliminar usuario como administrador # features\step_definitions\eliminar_usuario_steps.js:6
   âˆš When accede al listado de usuario para eliminar # features\step_definitions\eliminar_usuario_steps.js:10
   Ã— And click en eliminar usuario "Juan PÃ©rez" # features\step_definitions\eliminar_usuario_steps.js:15
       NoSuchElementError: no such element: Unable to locate element: {"method":"xpath","selector":"//tr[td[contains(text(),"Juan PÃ©rez")]]//button[contains(@class,'eliminar')]"}
         (Session info: chrome=142.0.7444.175)
           at Object.throwDecodedError (D:\DUOC\semestre 6\AutomatizaciÃ³n de Pruebas\3\EA3\Entregable\Ferremas\Backend_Ferremas\node_modules\selenium-webdriver\lib\error.js:523:15)
           at parseHttpResponse (D:\DUOC\semestre 6\AutomatizaciÃ³n de Pruebas\3\EA3\Entregable\Ferremas\Backend_Ferremas\node_modules\selenium-webdriver\lib\http.js:524:13)
           at Executor.execute (D:\DUOC\semestre 6\AutomatizaciÃ³n de Pruebas\3\EA3\Entregable\Ferremas\Backend_Ferremas\node_modules\selenium-webdriver\lib\http.js:456:28)
           at process.processTicksAndRejections (node:internal/process/task_queues:105:5)
           at async Driver.execute (D:\DUOC\semestre 6\AutomatizaciÃ³n de Pruebas\3\EA3\Entregable\Ferremas\Backend_Ferremas\node_modules\selenium-webdriver\lib\webdriver.js:745:17)
           at async World.<anonymous> (D:\DUOC\semestre 6\AutomatizaciÃ³n de Pruebas\3\EA3\Entregable\Ferremas\Backend_Ferremas\features\step_definitions\eliminar_usuario_steps.js:16:15)
   - And click en cancelar eliminaciÃ³n de usuario # features\step_definitions\eliminar_usuario_steps.js:34
   - Then muestra lista de usuarios tras cancelar eliminaciÃ³n # features\step_definitions\eliminar_usuario_steps.js:59
   - And el usuario no es eliminado de la lista de usuarios registrados # features\step_definitions\eliminar_usuario_steps.js:65
   âˆš After # features\support\hooks.js:254

2 scenarios (2 failed)
12 steps (2 failed, 6 skipped, 4 passed)
0m18.681s (executing steps: 0m18.116s)
âš ï¸  Finalizando proceso...
This Node.js version (v22.15.0) has not been tested with this version of Cucumber; it should work normally, but please raise an issue if you see anything unexpected.
ğŸ”§ ConfiguraciÃ³n de pruebas cargada desde .env.test
â±ï¸ Timeout de pruebas configurado a: 60000ms
ğŸ“ Manteniendo evidencias anteriores para mÃºltiples features
ğŸ“ Las nuevas evidencias se guardarÃ¡n en: _debug/
ğŸ‘€ Ejecutando en modo visual para depuraciÃ³n
No se pudo limpiar usuarios de prueba: No se pudo limpiar usuarios de prueba
ğŸš€ Iniciando escenario: CP25 Eliminar producto correcto
â° Timestamp inicio: 2025-11-24T16:57:01.685Z
.Login exitoso - Texto encontrado: Ferremas
ğŸ“ Paso 01: el usuario accede a la pagina de eliminar producto como administrador
ğŸ“¸ Evidencias capturadas para paso 01: el usuario accede a la pagina de eliminar producto como administrador
.ğŸ“ Paso 02: accede al listado de productos para eliminar
ğŸ“¸ Evidencias capturadas para paso 02: accede al listado de productos para eliminar
.ğŸ“ Paso 03: selecciona eliminar producto "Taladro X200"
ğŸ“¸ Evidencias capturadas para paso 03: selecciona eliminar producto "Taladro X200"
F---âŒ Escenario completado: CP25 Eliminar producto correcto (FAILED)
â±ï¸  DuraciÃ³n: 8.93s
â° Timestamp fin: 2025-11-24T16:57:10.613Z
ğŸ“Š Total de pasos ejecutados: 3
ğŸ“ Evidencias guardadas en: _debug/
.ğŸ‘€ Ejecutando en modo visual para depuraciÃ³n
No se pudo limpiar usuarios de prueba: No se pudo limpiar usuarios de prueba
ğŸš€ Iniciando escenario: CP26 Cancelar eliminar producto
â° Timestamp inicio: 2025-11-24T16:57:12.142Z
.Login exitoso - Texto encontrado: Ferremas
ğŸ“ Paso 01: el usuario accede a la pagina de eliminar producto como administrador
ğŸ“¸ Evidencias capturadas para paso 01: el usuario accede a la pagina de eliminar producto como administrador
.ğŸ“ Paso 02: accede al listado de productos para eliminar
ğŸ“¸ Evidencias capturadas para paso 02: accede al listado de productos para eliminar
.ğŸ“ Paso 03: selecciona eliminar producto "Taladro X200"
ğŸ“¸ Evidencias capturadas para paso 03: selecciona eliminar producto "Taladro X200"
F---âŒ Escenario completado: CP26 Cancelar eliminar producto (FAILED)
â±ï¸  DuraciÃ³n: 7.01s
â° Timestamp fin: 2025-11-24T16:57:19.148Z
ğŸ“Š Total de pasos ejecutados: 3
ğŸ“ Evidencias guardadas en: _debug/
.ğŸ Finalizando ejecuciÃ³n de todas las pruebas...
âœ… EjecuciÃ³n completada - todos los recursos liberados


Failures:

1) Scenario: CP25 Eliminar producto correcto # features\07_EliminarProducto.feature:3
   âˆš Before # features\support\hooks.js:93
   âˆš Given el usuario accede a la pagina de eliminar producto como administrador # features\step_definitions\eliminar_producto_steps.js:6
   âˆš When accede al listado de productos para eliminar # features\step_definitions\eliminar_producto_steps.js:10
   Ã— And selecciona eliminar producto "Taladro X200" # features\step_definitions\eliminar_producto_steps.js:63
       NoSuchElementError: no such element: Unable to locate element: {"method":"xpath","selector":"//tr[td[contains(text(),"Taladro X200")]]//button[@type='submit'][contains(text(),'Eliminar')]"}
         (Session info: chrome=142.0.7444.175)
           at Object.throwDecodedError (D:\DUOC\semestre 6\AutomatizaciÃ³n de Pruebas\3\EA3\Entregable\Ferremas\Backend_Ferremas\node_modules\selenium-webdriver\lib\error.js:523:15)
           at parseHttpResponse (D:\DUOC\semestre 6\AutomatizaciÃ³n de Pruebas\3\EA3\Entregable\Ferremas\Backend_Ferremas\node_modules\selenium-webdriver\lib\http.js:524:13)
           at Executor.execute (D:\DUOC\semestre 6\AutomatizaciÃ³n de Pruebas\3\EA3\Entregable\Ferremas\Backend_Ferremas\node_modules\selenium-webdriver\lib\http.js:456:28)
           at process.processTicksAndRejections (node:internal/process/task_queues:105:5)
           at async Driver.execute (D:\DUOC\semestre 6\AutomatizaciÃ³n de Pruebas\3\EA3\Entregable\Ferremas\Backend_Ferremas\node_modules\selenium-webdriver\lib\webdriver.js:745:17)
           at async World.<anonymous> (D:\DUOC\semestre 6\AutomatizaciÃ³n de Pruebas\3\EA3\Entregable\Ferremas\Backend_Ferremas\features\step_definitions\eliminar_producto_steps.js:65:15)
   - And confirma la eliminaciÃ³n de producto # features\step_definitions\eliminar_producto_steps.js:15
   - Then el sistema elimina el registro de producto correctamente # features\step_definitions\eliminar_producto_steps.js:32
   - And lo refleja en el catÃ¡logo de productos # features\step_definitions\eliminar_producto_steps.js:40
   âˆš After # features\support\hooks.js:254

2) Scenario: CP26 Cancelar eliminar producto # features\07_EliminarProducto.feature:11
   âˆš Before # features\support\hooks.js:93
   âˆš Given el usuario accede a la pagina de eliminar producto como administrador # features\step_definitions\eliminar_producto_steps.js:6
   âˆš When accede al listado de productos para eliminar # features\step_definitions\eliminar_producto_steps.js:10
   Ã— And selecciona eliminar producto "Taladro X200" # features\step_definitions\eliminar_producto_steps.js:63
       NoSuchElementError: no such element: Unable to locate element: {"method":"xpath","selector":"//tr[td[contains(text(),"Taladro X200")]]//button[@type='submit'][contains(text(),'Eliminar')]"}
         (Session info: chrome=142.0.7444.175)
           at Object.throwDecodedError (D:\DUOC\semestre 6\AutomatizaciÃ³n de Pruebas\3\EA3\Entregable\Ferremas\Backend_Ferremas\node_modules\selenium-webdriver\lib\error.js:523:15)
           at parseHttpResponse (D:\DUOC\semestre 6\AutomatizaciÃ³n de Pruebas\3\EA3\Entregable\Ferremas\Backend_Ferremas\node_modules\selenium-webdriver\lib\http.js:524:13)
           at Executor.execute (D:\DUOC\semestre 6\AutomatizaciÃ³n de Pruebas\3\EA3\Entregable\Ferremas\Backend_Ferremas\node_modules\selenium-webdriver\lib\http.js:456:28)
           at process.processTicksAndRejections (node:internal/process/task_queues:105:5)
           at async Driver.execute (D:\DUOC\semestre 6\AutomatizaciÃ³n de Pruebas\3\EA3\Entregable\Ferremas\Backend_Ferremas\node_modules\selenium-webdriver\lib\webdriver.js:745:17)
           at async World.<anonymous> (D:\DUOC\semestre 6\AutomatizaciÃ³n de Pruebas\3\EA3\Entregable\Ferremas\Backend_Ferremas\features\step_definitions\eliminar_producto_steps.js:65:15)
   - And cancela la eliminaciÃ³n de producto # features\step_definitions\eliminar_producto_steps.js:26
   - Then muestra lista de productos tras cancelar eliminaciÃ³n # features\step_definitions\eliminar_producto_steps.js:46
   - And el producto no es eliminado del catÃ¡logo de productos # features\step_definitions\eliminar_producto_steps.js:52
   âˆš After # features\support\hooks.js:254

2 scenarios (2 failed)
12 steps (2 failed, 6 skipped, 4 passed)
0m19.519s (executing steps: 0m18.983s)
âš ï¸  Finalizando proceso...
This Node.js version (v22.15.0) has not been tested with this version of Cucumber; it should work normally, but please raise an issue if you see anything unexpected.
ğŸ”§ ConfiguraciÃ³n de pruebas cargada desde .env.test
â±ï¸ Timeout de pruebas configurado a: 60000ms
ğŸ“ Manteniendo evidencias anteriores para mÃºltiples features
ğŸ“ Las nuevas evidencias se guardarÃ¡n en: _debug/
ğŸ‘€ Ejecutando en modo visual para depuraciÃ³n
No se pudo limpiar usuarios de prueba: No se pudo limpiar usuarios de prueba
ğŸš€ Iniciando escenario: CP27 Listar usuario completo
â° Timestamp inicio: 2025-11-24T16:57:25.294Z
.Login exitoso - Texto encontrado: Ferremas
ğŸ“ Paso 01: el usuario accede a la pagina como administrador
ğŸ“¸ Evidencias capturadas para paso 01: el usuario accede a la pagina como administrador
.ğŸ“ Paso 02: accede al listado de usuario
ğŸ“¸ Evidencias capturadas para paso 02: accede al listado de usuario
.ğŸ“ Paso 03: muestra listado de todos los usuarios registrados
ğŸ“¸ Evidencias capturadas para paso 03: muestra listado de todos los usuarios registrados
.âœ… Escenario completado: CP27 Listar usuario completo (PASSED)
â±ï¸  DuraciÃ³n: 7.20s
â° Timestamp fin: 2025-11-24T16:57:32.498Z
ğŸ“Š Total de pasos ejecutados: 3
ğŸ“ Evidencias guardadas en: _debug/
.ğŸ Finalizando ejecuciÃ³n de todas las pruebas...
âœ… EjecuciÃ³n completada - todos los recursos liberados


1 scenario (1 passed)
3 steps (3 passed)
0m09.397s (executing steps: 0m08.831s)
âš ï¸  Finalizando proceso...
This Node.js version (v22.15.0) has not been tested with this version of Cucumber; it should work normally, but please raise an issue if you see anything unexpected.
ğŸ”§ ConfiguraciÃ³n de pruebas cargada desde .env.test
â±ï¸ Timeout de pruebas configurado a: 60000ms
ğŸ“ Manteniendo evidencias anteriores para mÃºltiples features
ğŸ“ Las nuevas evidencias se guardarÃ¡n en: _debug/
ğŸ‘€ Ejecutando en modo visual para depuraciÃ³n
No se pudo limpiar usuarios de prueba: No se pudo limpiar usuarios de prueba
ğŸš€ Iniciando escenario: CP28 Listar producto completo
â° Timestamp inicio: 2025-11-24T16:57:37.742Z
.Login exitoso - Texto encontrado: Ferremas
ğŸ“ Paso 01: el usuario accede a la pagina como administrador
ğŸ“¸ Evidencias capturadas para paso 01: el usuario accede a la pagina como administrador
.ğŸ“ Paso 02: accede a productos
ğŸ“¸ Evidencias capturadas para paso 02: accede a productos
.ğŸ“ Paso 03: el sistema muestra los productos correspondientes
ğŸ“¸ Evidencias capturadas para paso 03: el sistema muestra los productos correspondientes
.âœ… Escenario completado: CP28 Listar producto completo (PASSED)
â±ï¸  DuraciÃ³n: 23.26s
â° Timestamp fin: 2025-11-24T16:58:01.003Z
ğŸ“Š Total de pasos ejecutados: 3
ğŸ“ Evidencias guardadas en: _debug/
.ğŸ‘€ Ejecutando en modo visual para depuraciÃ³n
No se pudo limpiar usuarios de prueba: No se pudo limpiar usuarios de prueba
ğŸš€ Iniciando escenario: CP29 Listar producto con filtro categoria
â° Timestamp inicio: 2025-11-24T16:58:02.382Z
.Login exitoso - Texto encontrado: Ferremas
ğŸ“ Paso 01: el usuario accede a la pagina como administrador
ğŸ“¸ Evidencias capturadas para paso 01: el usuario accede a la pagina como administrador
.ğŸ“ Paso 02: accede a productos
ğŸ“¸ Evidencias capturadas para paso 02: accede a productos
.ğŸ“ Paso 03: selecciona categoria "Herramientas ElÃ©ctricas"
ğŸ“¸ Evidencias capturadas para paso 03: selecciona categoria "Herramientas ElÃ©ctricas"
.ğŸ“ Paso 04: Click en Filtrar
ğŸ“¸ Evidencias capturadas para paso 04: Click en Filtrar
.ğŸ“ Paso 05: el sistema muestra los productos correspondientes
ğŸ“¸ Evidencias capturadas para paso 05: el sistema muestra los productos correspondientes
.âœ… Escenario completado: CP29 Listar producto con filtro categoria (PASSED)
â±ï¸  DuraciÃ³n: 8.29s
â° Timestamp fin: 2025-11-24T16:58:10.669Z
ğŸ“Š Total de pasos ejecutados: 5
ğŸ“ Evidencias guardadas en: _debug/
.ğŸ‘€ Ejecutando en modo visual para depuraciÃ³n
No se pudo limpiar usuarios de prueba: No se pudo limpiar usuarios de prueba
ğŸš€ Iniciando escenario: CP30 Listar producto con filtro sucursal
â° Timestamp inicio: 2025-11-24T16:58:12.103Z
.Login exitoso - Texto encontrado: Ferremas
ğŸ“ Paso 01: el usuario accede a la pagina como administrador
ğŸ“¸ Evidencias capturadas para paso 01: el usuario accede a la pagina como administrador
.ğŸ“ Paso 02: accede a productos
ğŸ“¸ Evidencias capturadas para paso 02: accede a productos
.ğŸ“ Paso 03: selecciona sucursal "Sucursal Santiago Centro"
ğŸ“¸ Evidencias capturadas para paso 03: selecciona sucursal "Sucursal Santiago Centro"
.ğŸ“ Paso 04: Click en Filtrar
ğŸ“¸ Evidencias capturadas para paso 04: Click en Filtrar
.ğŸ“ Paso 05: el sistema muestra los productos correspondientes
ğŸ“¸ Evidencias capturadas para paso 05: el sistema muestra los productos correspondientes
.âœ… Escenario completado: CP30 Listar producto con filtro sucursal (PASSED)
â±ï¸  DuraciÃ³n: 8.02s
â° Timestamp fin: 2025-11-24T16:58:20.118Z
ğŸ“Š Total de pasos ejecutados: 5
ğŸ“ Evidencias guardadas en: _debug/
.ğŸ Finalizando ejecuciÃ³n de todas las pruebas...
âœ… EjecuciÃ³n completada - todos los recursos liberados


3 scenarios (3 passed)
13 steps (13 passed)
0m44.358s (executing steps: 0m43.820s)
âš ï¸  Finalizando proceso...
This Node.js version (v22.15.0) has not been tested with this version of Cucumber; it should work normally, but please raise an issue if you see anything unexpected.
ğŸ”§ ConfiguraciÃ³n de pruebas cargada desde .env.test
â±ï¸ Timeout de pruebas configurado a: 60000ms
ğŸ“ Manteniendo evidencias anteriores para mÃºltiples features
ğŸ“ Las nuevas evidencias se guardarÃ¡n en: _debug/
ğŸ‘€ Ejecutando en modo visual para depuraciÃ³n
No se pudo limpiar usuarios de prueba: No se pudo limpiar usuarios de prueba
ğŸš€ Iniciando escenario: CP31 BÃºsqueda producto existente
â° Timestamp inicio: 2025-11-24T16:58:24.863Z
.Login cliente exitoso - Texto encontrado: Ferremas
ğŸ“ Paso 01: el usuario accede a la pagina como cliente
ğŸ“¸ Evidencias capturadas para paso 01: el usuario accede a la pagina como cliente
.ğŸ“ Paso 02: accede a productos
ğŸ“¸ Evidencias capturadas para paso 02: accede a productos
.ğŸ“ Paso 03: escribe "Taladro X200" en la barra de bÃºsqueda
ğŸ“¸ Evidencias capturadas para paso 03: escribe "Taladro X200" en la barra de bÃºsqueda
.ğŸ“ Paso 04: presiona enter o hace clic en el botÃ³n de filtrar
ğŸ“¸ Evidencias capturadas para paso 04: presiona enter o hace clic en el botÃ³n de filtrar
.ğŸ“ Paso 05: el sistema muestra los productos que coinciden con la bÃºsqueda
ğŸ“¸ Evidencias capturadas para paso 05: el sistema muestra los productos que coinciden con la bÃºsqueda
.âœ… Escenario completado: CP31 BÃºsqueda producto existente (PASSED)
â±ï¸  DuraciÃ³n: 9.14s
â° Timestamp fin: 2025-11-24T16:58:34.000Z
ğŸ“Š Total de pasos ejecutados: 5
ğŸ“ Evidencias guardadas en: _debug/
.ğŸ‘€ Ejecutando en modo visual para depuraciÃ³n
No se pudo limpiar usuarios de prueba: No se pudo limpiar usuarios de prueba
ğŸš€ Iniciando escenario: CP32 BÃºsqueda producto vacÃ­o
â° Timestamp inicio: 2025-11-24T16:58:35.364Z
.Login cliente exitoso - Texto encontrado: Ferremas
ğŸ“ Paso 01: el usuario accede a la pagina como cliente
ğŸ“¸ Evidencias capturadas para paso 01: el usuario accede a la pagina como cliente
.ğŸ“ Paso 02: accede a productos
ğŸ“¸ Evidencias capturadas para paso 02: accede a productos
.ğŸ“ Paso 03: escribe "" en la barra de bÃºsqueda
ğŸ“¸ Evidencias capturadas para paso 03: escribe "" en la barra de bÃºsqueda
.ğŸ“ Paso 04: presiona enter o hace clic en el botÃ³n de filtrar
ğŸ“¸ Evidencias capturadas para paso 04: presiona enter o hace clic en el botÃ³n de filtrar
.ğŸ“ Paso 05: el sistema muestra todos los productos
ğŸ“¸ Evidencias capturadas para paso 05: el sistema muestra todos los productos
.âœ… Escenario completado: CP32 BÃºsqueda producto vacÃ­o (PASSED)
â±ï¸  DuraciÃ³n: 8.02s
â° Timestamp fin: 2025-11-24T16:58:43.385Z
ğŸ“Š Total de pasos ejecutados: 5
ğŸ“ Evidencias guardadas en: _debug/
.ğŸ‘€ Ejecutando en modo visual para depuraciÃ³n
No se pudo limpiar usuarios de prueba: No se pudo limpiar usuarios de prueba
ğŸš€ Iniciando escenario: CP33 BÃºsqueda por categorÃ­a
â° Timestamp inicio: 2025-11-24T16:58:44.845Z
.Login cliente exitoso - Texto encontrado: Ferremas
ğŸ“ Paso 01: el usuario accede a la pagina como cliente
ğŸ“¸ Evidencias capturadas para paso 01: el usuario accede a la pagina como cliente
.ğŸ“ Paso 02: accede a productos
ğŸ“¸ Evidencias capturadas para paso 02: accede a productos
.ğŸ“ Paso 03: selecciona categoria "Herramientas ElÃ©ctricas"
ğŸ“¸ Evidencias capturadas para paso 03: selecciona categoria "Herramientas ElÃ©ctricas"
.ğŸ“ Paso 04: presiona enter o hace clic en el botÃ³n de filtrar
ğŸ“¸ Evidencias capturadas para paso 04: presiona enter o hace clic en el botÃ³n de filtrar
.ğŸ“ Paso 05: el sistema muestra los productos que coinciden con la bÃºsqueda
ğŸ“¸ Evidencias capturadas para paso 05: el sistema muestra los productos que coinciden con la bÃºsqueda
.âœ… Escenario completado: CP33 BÃºsqueda por categorÃ­a (PASSED)
â±ï¸  DuraciÃ³n: 8.44s
â° Timestamp fin: 2025-11-24T16:58:53.287Z
ğŸ“Š Total de pasos ejecutados: 5
ğŸ“ Evidencias guardadas en: _debug/
.ğŸ Finalizando ejecuciÃ³n de todas las pruebas...
âœ… EjecuciÃ³n completada - todos los recursos liberados


3 scenarios (3 passed)
15 steps (15 passed)
0m30.425s (executing steps: 0m29.882s)
âš ï¸  Finalizando proceso...
This Node.js version (v22.15.0) has not been tested with this version of Cucumber; it should work normally, but please raise an issue if you see anything unexpected.
ğŸ”§ ConfiguraciÃ³n de pruebas cargada desde .env.test
â±ï¸ Timeout de pruebas configurado a: 60000ms
ğŸ“ Manteniendo evidencias anteriores para mÃºltiples features
ğŸ“ Las nuevas evidencias se guardarÃ¡n en: _debug/
ğŸ‘€ Ejecutando en modo visual para depuraciÃ³n
No se pudo limpiar usuarios de prueba: No se pudo limpiar usuarios de prueba
ğŸš€ Iniciando escenario: CP34 Agregar al carrito
â° Timestamp inicio: 2025-11-24T16:58:58.168Z
.Login cliente exitoso - Texto encontrado: Ferremas
ğŸ“ Paso 01: el usuario accede a la pagina como cliente
ğŸ“¸ Evidencias capturadas para paso 01: el usuario accede a la pagina como cliente
.ğŸ“ Paso 02: accede a productos
ğŸ“¸ Evidencias capturadas para paso 02: accede a productos
.ğŸ“ Paso 03: selecciona un producto "Taladro X200"
ğŸ“¸ Evidencias capturadas para paso 03: selecciona un producto "Taladro X200"
F--âŒ Escenario completado: CP34 Agregar al carrito (FAILED)
â±ï¸  DuraciÃ³n: 8.17s
â° Timestamp fin: 2025-11-24T16:59:06.340Z
ğŸ“Š Total de pasos ejecutados: 3
ğŸ“ Evidencias guardadas en: _debug/
.ğŸ‘€ Ejecutando en modo visual para depuraciÃ³n
No se pudo limpiar usuarios de prueba: No se pudo limpiar usuarios de prueba
ğŸš€ Iniciando escenario: CP35 Calcular total carrito
â° Timestamp inicio: 2025-11-24T16:59:07.872Z
.Login cliente exitoso - Texto encontrado: Ferremas
ğŸ“ Paso 01: el usuario accede a la pagina como cliente
ğŸ“¸ Evidencias capturadas para paso 01: el usuario accede a la pagina como cliente
.ğŸ“ Paso 02: accede a productos
ğŸ“¸ Evidencias capturadas para paso 02: accede a productos
.ğŸ“ Paso 03: selecciona un producto "Taladro X200"
ğŸ“¸ Evidencias capturadas para paso 03: selecciona un producto "Taladro X200"
F---âŒ Escenario completado: CP35 Calcular total carrito (FAILED)
â±ï¸  DuraciÃ³n: 6.39s
â° Timestamp fin: 2025-11-24T16:59:14.259Z
ğŸ“Š Total de pasos ejecutados: 3
ğŸ“ Evidencias guardadas en: _debug/
.ğŸ‘€ Ejecutando en modo visual para depuraciÃ³n
No se pudo limpiar usuarios de prueba: No se pudo limpiar usuarios de prueba
ğŸš€ Iniciando escenario: CP36 Seleccionar mÃ©todo pago
â° Timestamp inicio: 2025-11-24T16:59:15.857Z
.Login cliente exitoso - Texto encontrado: Ferremas
ğŸ“ Paso 01: el usuario accede a la pagina como cliente
ğŸ“¸ Evidencias capturadas para paso 01: el usuario accede a la pagina como cliente
.ğŸ“ Paso 02: accede a productos
ğŸ“¸ Evidencias capturadas para paso 02: accede a productos
.ğŸ“ Paso 03: selecciona un producto "Taladro X200"
ğŸ“¸ Evidencias capturadas para paso 03: selecciona un producto "Taladro X200"
F----âŒ Escenario completado: CP36 Seleccionar mÃ©todo pago (FAILED)
â±ï¸  DuraciÃ³n: 7.87s
â° Timestamp fin: 2025-11-24T16:59:23.727Z
ğŸ“Š Total de pasos ejecutados: 3
ğŸ“ Evidencias guardadas en: _debug/
.ğŸ‘€ Ejecutando en modo visual para depuraciÃ³n
No se pudo limpiar usuarios de prueba: No se pudo limpiar usuarios de prueba
ğŸš€ Iniciando escenario: CP37 Seleccionar sucursal entrega
â° Timestamp inicio: 2025-11-24T16:59:25.228Z
.Login cliente exitoso - Texto encontrado: Ferremas
ğŸ“ Paso 01: el usuario accede a la pagina como cliente
ğŸ“¸ Evidencias capturadas para paso 01: el usuario accede a la pagina como cliente
.ğŸ“ Paso 02: accede a productos
ğŸ“¸ Evidencias capturadas para paso 02: accede a productos
.ğŸ“ Paso 03: selecciona un producto "Taladro X200"
ğŸ“¸ Evidencias capturadas para paso 03: selecciona un producto "Taladro X200"
F----âŒ Escenario completado: CP37 Seleccionar sucursal entrega (FAILED)
â±ï¸  DuraciÃ³n: 6.70s
â° Timestamp fin: 2025-11-24T16:59:31.931Z
ğŸ“Š Total de pasos ejecutados: 3
ğŸ“ Evidencias guardadas en: _debug/
.ğŸ Finalizando ejecuciÃ³n de todas las pruebas...
âœ… EjecuciÃ³n completada - todos los recursos liberados


Failures:

1) Scenario: CP34 Agregar al carrito # features\11_CarritoCompras.feature:3
   âˆš Before # features\support\hooks.js:93
   âˆš Given el usuario accede a la pagina como cliente # features\step_definitions\busqueda_producto_steps.js:6
   âˆš When accede a productos # features\step_definitions\eliminar_producto_steps.js:58
   Ã— And selecciona un producto "Taladro X200" # features\step_definitions\carrito_compras_steps.js:15
       NoSuchElementError: no such element: Unable to locate element: {"method":"xpath","selector":"//tr[td[contains(text(),"Taladro X200")]]//button[contains(@class,'agregar-carrito')]"}
         (Session info: chrome=142.0.7444.175)
           at Object.throwDecodedError (D:\DUOC\semestre 6\AutomatizaciÃ³n de Pruebas\3\EA3\Entregable\Ferremas\Backend_Ferremas\node_modules\selenium-webdriver\lib\error.js:523:15)
           at parseHttpResponse (D:\DUOC\semestre 6\AutomatizaciÃ³n de Pruebas\3\EA3\Entregable\Ferremas\Backend_Ferremas\node_modules\selenium-webdriver\lib\http.js:524:13)
           at Executor.execute (D:\DUOC\semestre 6\AutomatizaciÃ³n de Pruebas\3\EA3\Entregable\Ferremas\Backend_Ferremas\node_modules\selenium-webdriver\lib\http.js:456:28)
           at process.processTicksAndRejections (node:internal/process/task_queues:105:5)
           at async Driver.execute (D:\DUOC\semestre 6\AutomatizaciÃ³n de Pruebas\3\EA3\Entregable\Ferremas\Backend_Ferremas\node_modules\selenium-webdriver\lib\webdriver.js:745:17)
           at async World.<anonymous> (D:\DUOC\semestre 6\AutomatizaciÃ³n de Pruebas\3\EA3\Entregable\Ferremas\Backend_Ferremas\features\step_definitions\carrito_compras_steps.js:16:15)
   - And lo agrega al carrito # features\step_definitions\carrito_compras_steps.js:21
   - Then el sistema actualiza el carrito con el producto # features\step_definitions\carrito_compras_steps.js:48
   âˆš After # features\support\hooks.js:254

2) Scenario: CP35 Calcular total carrito # features\11_CarritoCompras.feature:10
   âˆš Before # features\support\hooks.js:93
   âˆš Given el usuario accede a la pagina como cliente # features\step_definitions\busqueda_producto_steps.js:6
   âˆš When accede a productos # features\step_definitions\eliminar_producto_steps.js:58
   Ã— And selecciona un producto "Taladro X200" # features\step_definitions\carrito_compras_steps.js:15
       NoSuchElementError: no such element: Unable to locate element: {"method":"xpath","selector":"//tr[td[contains(text(),"Taladro X200")]]//button[contains(@class,'agregar-carrito')]"}
         (Session info: chrome=142.0.7444.175)
           at Object.throwDecodedError (D:\DUOC\semestre 6\AutomatizaciÃ³n de Pruebas\3\EA3\Entregable\Ferremas\Backend_Ferremas\node_modules\selenium-webdriver\lib\error.js:523:15)
           at parseHttpResponse (D:\DUOC\semestre 6\AutomatizaciÃ³n de Pruebas\3\EA3\Entregable\Ferremas\Backend_Ferremas\node_modules\selenium-webdriver\lib\http.js:524:13)
           at Executor.execute (D:\DUOC\semestre 6\AutomatizaciÃ³n de Pruebas\3\EA3\Entregable\Ferremas\Backend_Ferremas\node_modules\selenium-webdriver\lib\http.js:456:28)
           at process.processTicksAndRejections (node:internal/process/task_queues:105:5)
           at async Driver.execute (D:\DUOC\semestre 6\AutomatizaciÃ³n de Pruebas\3\EA3\Entregable\Ferremas\Backend_Ferremas\node_modules\selenium-webdriver\lib\webdriver.js:745:17)
           at async World.<anonymous> (D:\DUOC\semestre 6\AutomatizaciÃ³n de Pruebas\3\EA3\Entregable\Ferremas\Backend_Ferremas\features\step_definitions\carrito_compras_steps.js:16:15)
   - And lo agrega al carrito # features\step_definitions\carrito_compras_steps.js:21
   - And accede a mi pedido # features\step_definitions\carrito_compras_steps.js:31
   - Then el sistema actualiza el carrito con el producto y subtotal # features\step_definitions\carrito_compras_steps.js:53
   âˆš After # features\support\hooks.js:254

3) Scenario: CP36 Seleccionar mÃ©todo pago # features\11_CarritoCompras.feature:18
   âˆš Before # features\support\hooks.js:93
   âˆš Given el usuario accede a la pagina como cliente # features\step_definitions\busqueda_producto_steps.js:6
   âˆš When accede a productos # features\step_definitions\eliminar_producto_steps.js:58
   Ã— And selecciona un producto "Taladro X200" # features\step_definitions\carrito_compras_steps.js:15
       NoSuchElementError: no such element: Unable to locate element: {"method":"xpath","selector":"//tr[td[contains(text(),"Taladro X200")]]//button[contains(@class,'agregar-carrito')]"}
         (Session info: chrome=142.0.7444.175)
           at Object.throwDecodedError (D:\DUOC\semestre 6\AutomatizaciÃ³n de Pruebas\3\EA3\Entregable\Ferremas\Backend_Ferremas\node_modules\selenium-webdriver\lib\error.js:523:15)
           at parseHttpResponse (D:\DUOC\semestre 6\AutomatizaciÃ³n de Pruebas\3\EA3\Entregable\Ferremas\Backend_Ferremas\node_modules\selenium-webdriver\lib\http.js:524:13)
           at Executor.execute (D:\DUOC\semestre 6\AutomatizaciÃ³n de Pruebas\3\EA3\Entregable\Ferremas\Backend_Ferremas\node_modules\selenium-webdriver\lib\http.js:456:28)
           at process.processTicksAndRejections (node:internal/process/task_queues:105:5)
           at async Driver.execute (D:\DUOC\semestre 6\AutomatizaciÃ³n de Pruebas\3\EA3\Entregable\Ferremas\Backend_Ferremas\node_modules\selenium-webdriver\lib\webdriver.js:745:17)
           at async World.<anonymous> (D:\DUOC\semestre 6\AutomatizaciÃ³n de Pruebas\3\EA3\Entregable\Ferremas\Backend_Ferremas\features\step_definitions\carrito_compras_steps.js:16:15)
   - And lo agrega al carrito # features\step_definitions\carrito_compras_steps.js:21
   - And accede a mi pedido # features\step_definitions\carrito_compras_steps.js:31
   - And selecciona metodo de pago "Credito" # features\step_definitions\carrito_compras_steps.js:36
   - Then el sistema actualiza el carrito con el producto y subtotal # features\step_definitions\carrito_compras_steps.js:53
   âˆš After # features\support\hooks.js:254

4) Scenario: CP37 Seleccionar sucursal entrega # features\11_CarritoCompras.feature:27
   âˆš Before # features\support\hooks.js:93
   âˆš Given el usuario accede a la pagina como cliente # features\step_definitions\busqueda_producto_steps.js:6
   âˆš When accede a productos # features\step_definitions\eliminar_producto_steps.js:58
   Ã— And selecciona un producto "Taladro X200" # features\step_definitions\carrito_compras_steps.js:15
       NoSuchElementError: no such element: Unable to locate element: {"method":"xpath","selector":"//tr[td[contains(text(),"Taladro X200")]]//button[contains(@class,'agregar-carrito')]"}
         (Session info: chrome=142.0.7444.175)
           at Object.throwDecodedError (D:\DUOC\semestre 6\AutomatizaciÃ³n de Pruebas\3\EA3\Entregable\Ferremas\Backend_Ferremas\node_modules\selenium-webdriver\lib\error.js:523:15)
           at parseHttpResponse (D:\DUOC\semestre 6\AutomatizaciÃ³n de Pruebas\3\EA3\Entregable\Ferremas\Backend_Ferremas\node_modules\selenium-webdriver\lib\http.js:524:13)
           at Executor.execute (D:\DUOC\semestre 6\AutomatizaciÃ³n de Pruebas\3\EA3\Entregable\Ferremas\Backend_Ferremas\node_modules\selenium-webdriver\lib\http.js:456:28)
           at process.processTicksAndRejections (node:internal/process/task_queues:105:5)
           at async Driver.execute (D:\DUOC\semestre 6\AutomatizaciÃ³n de Pruebas\3\EA3\Entregable\Ferremas\Backend_Ferremas\node_modules\selenium-webdriver\lib\webdriver.js:745:17)
           at async World.<anonymous> (D:\DUOC\semestre 6\AutomatizaciÃ³n de Pruebas\3\EA3\Entregable\Ferremas\Backend_Ferremas\features\step_definitions\carrito_compras_steps.js:16:15)
   - And lo agrega al carrito # features\step_definitions\carrito_compras_steps.js:21
   - And accede a mi pedido # features\step_definitions\carrito_compras_steps.js:31
   - And selecciona sucursal "Sucursal Santiago centro2" # features\step_definitions\listar_producto_steps.js:23
   - Then el sistema actualiza el carrito con el producto y subtotal # features\step_definitions\carrito_compras_steps.js:53
   âˆš After # features\support\hooks.js:254

4 scenarios (4 failed)
25 steps (4 failed, 13 skipped, 8 passed)
0m35.822s (executing steps: 0m35.279s)
âš ï¸  Finalizando proceso...
This Node.js version (v22.15.0) has not been tested with this version of Cucumber; it should work normally, but please raise an issue if you see anything unexpected.
ğŸ”§ ConfiguraciÃ³n de pruebas cargada desde .env.test
â±ï¸ Timeout de pruebas configurado a: 60000ms
ğŸ“ Manteniendo evidencias anteriores para mÃºltiples features
ğŸ“ Las nuevas evidencias se guardarÃ¡n en: _debug/
ğŸ‘€ Ejecutando en modo visual para depuraciÃ³n
No se pudo limpiar usuarios de prueba: No se pudo limpiar usuarios de prueba
ğŸš€ Iniciando escenario: CP38 Bodeguero actualiza stock correcto
â° Timestamp inicio: 2025-11-24T16:59:36.616Z
.Login bodeguero exitoso - Texto encontrado: Ferremas
ğŸ“ Paso 01: el usuario accede a la pagina como bodeguero
ğŸ“¸ Evidencias capturadas para paso 01: el usuario accede a la pagina como bodeguero
.ğŸ“ Paso 02: accede a Stock General
ğŸ“¸ Evidencias capturadas para paso 02: accede a Stock General
.ğŸ“ Paso 03: selecciona actualizar en el producto "Taladro X200"
ğŸ“¸ Evidencias capturadas para paso 03: selecciona actualizar en el producto "Taladro X200"
F----âŒ Escenario completado: CP38 Bodeguero actualiza stock correcto (FAILED)
â±ï¸  DuraciÃ³n: 6.74s
â° Timestamp fin: 2025-11-24T16:59:43.360Z
ğŸ“Š Total de pasos ejecutados: 3
ğŸ“ Evidencias guardadas en: _debug/
.ğŸ‘€ Ejecutando en modo visual para depuraciÃ³n
No se pudo limpiar usuarios de prueba: No se pudo limpiar usuarios de prueba
ğŸš€ Iniciando escenario: CP39 Bodeguero actualiza stock con valor negativo
â° Timestamp inicio: 2025-11-24T16:59:45.081Z
.Login bodeguero exitoso - Texto encontrado: Ferremas
ğŸ“ Paso 01: el usuario accede a la pagina como bodeguero
ğŸ“¸ Evidencias capturadas para paso 01: el usuario accede a la pagina como bodeguero
.ğŸ“ Paso 02: accede a Stock General
ğŸ“¸ Evidencias capturadas para paso 02: accede a Stock General
.ğŸ“ Paso 03: selecciona actualizar en el producto "Taladro X200"
ğŸ“¸ Evidencias capturadas para paso 03: selecciona actualizar en el producto "Taladro X200"
F---âŒ Escenario completado: CP39 Bodeguero actualiza stock con valor negativo (FAILED)
â±ï¸  DuraciÃ³n: 6.44s
â° Timestamp fin: 2025-11-24T16:59:51.523Z
ğŸ“Š Total de pasos ejecutados: 3
ğŸ“ Evidencias guardadas en: _debug/
.ğŸ‘€ Ejecutando en modo visual para depuraciÃ³n
No se pudo limpiar usuarios de prueba: No se pudo limpiar usuarios de prueba
ğŸš€ Iniciando escenario: CP40 Bodeguero actualiza stock con valor 0
â° Timestamp inicio: 2025-11-24T16:59:53.004Z
.Login bodeguero exitoso - Texto encontrado: Ferremas
ğŸ“ Paso 01: el usuario accede a la pagina como bodeguero
ğŸ“¸ Evidencias capturadas para paso 01: el usuario accede a la pagina como bodeguero
.ğŸ“ Paso 02: accede a Stock General
ğŸ“¸ Evidencias capturadas para paso 02: accede a Stock General
.ğŸ“ Paso 03: selecciona actualizar en el producto "Taladro X200"
ğŸ“¸ Evidencias capturadas para paso 03: selecciona actualizar en el producto "Taladro X200"
F----âŒ Escenario completado: CP40 Bodeguero actualiza stock con valor 0 (FAILED)
â±ï¸  DuraciÃ³n: 6.42s
â° Timestamp fin: 2025-11-24T16:59:59.425Z
ğŸ“Š Total de pasos ejecutados: 3
ğŸ“ Evidencias guardadas en: _debug/
.ğŸ Finalizando ejecuciÃ³n de todas las pruebas...
âœ… EjecuciÃ³n completada - todos los recursos liberados


Failures:

1) Scenario: CP38 Bodeguero actualiza stock correcto # features\12_ModificarStock.feature:3
   âˆš Before # features\support\hooks.js:93
   âˆš Given el usuario accede a la pagina como bodeguero # features\step_definitions\modificar_stock_steps.js:6
   âˆš When accede a Stock General # features\step_definitions\modificar_stock_steps.js:10
   Ã— And selecciona actualizar en el producto "Taladro X200" # features\step_definitions\modificar_stock_steps.js:15
       NoSuchElementError: no such element: Unable to locate element: {"method":"xpath","selector":"//tr[td[contains(text(),"Taladro X200")]]//button[contains(@class,'actualizar-stock')]"}
         (Session info: chrome=142.0.7444.175)
           at Object.throwDecodedError (D:\DUOC\semestre 6\AutomatizaciÃ³n de Pruebas\3\EA3\Entregable\Ferremas\Backend_Ferremas\node_modules\selenium-webdriver\lib\error.js:523:15)
           at parseHttpResponse (D:\DUOC\semestre 6\AutomatizaciÃ³n de Pruebas\3\EA3\Entregable\Ferremas\Backend_Ferremas\node_modules\selenium-webdriver\lib\http.js:524:13)
           at Executor.execute (D:\DUOC\semestre 6\AutomatizaciÃ³n de Pruebas\3\EA3\Entregable\Ferremas\Backend_Ferremas\node_modules\selenium-webdriver\lib\http.js:456:28)
           at process.processTicksAndRejections (node:internal/process/task_queues:105:5)
           at async Driver.execute (D:\DUOC\semestre 6\AutomatizaciÃ³n de Pruebas\3\EA3\Entregable\Ferremas\Backend_Ferremas\node_modules\selenium-webdriver\lib\webdriver.js:745:17)
           at async World.<anonymous> (D:\DUOC\semestre 6\AutomatizaciÃ³n de Pruebas\3\EA3\Entregable\Ferremas\Backend_Ferremas\features\step_definitions\modificar_stock_steps.js:16:15)
   - And cambia cantidad a "500" # features\step_definitions\modificar_stock_steps.js:21
   - And presiona enter o hace clic en el botÃ³n de actualizar # features\step_definitions\modificar_stock_steps.js:27
   - Then aparece mensaje de stock actualizado # features\step_definitions\modificar_stock_steps.js:38
   - And se actualiza el valor del stock en la lista de stock general # features\step_definitions\modificar_stock_steps.js:44
   âˆš After # features\support\hooks.js:254

2) Scenario: CP39 Bodeguero actualiza stock con valor negativo # features\12_ModificarStock.feature:12
   âˆš Before # features\support\hooks.js:93
   âˆš Given el usuario accede a la pagina como bodeguero # features\step_definitions\modificar_stock_steps.js:6
   âˆš When accede a Stock General # features\step_definitions\modificar_stock_steps.js:10
   Ã— And selecciona actualizar en el producto "Taladro X200" # features\step_definitions\modificar_stock_steps.js:15
       NoSuchElementError: no such element: Unable to locate element: {"method":"xpath","selector":"//tr[td[contains(text(),"Taladro X200")]]//button[contains(@class,'actualizar-stock')]"}
         (Session info: chrome=142.0.7444.175)
           at Object.throwDecodedError (D:\DUOC\semestre 6\AutomatizaciÃ³n de Pruebas\3\EA3\Entregable\Ferremas\Backend_Ferremas\node_modules\selenium-webdriver\lib\error.js:523:15)
           at parseHttpResponse (D:\DUOC\semestre 6\AutomatizaciÃ³n de Pruebas\3\EA3\Entregable\Ferremas\Backend_Ferremas\node_modules\selenium-webdriver\lib\http.js:524:13)
           at Executor.execute (D:\DUOC\semestre 6\AutomatizaciÃ³n de Pruebas\3\EA3\Entregable\Ferremas\Backend_Ferremas\node_modules\selenium-webdriver\lib\http.js:456:28)
           at process.processTicksAndRejections (node:internal/process/task_queues:105:5)
           at async Driver.execute (D:\DUOC\semestre 6\AutomatizaciÃ³n de Pruebas\3\EA3\Entregable\Ferremas\Backend_Ferremas\node_modules\selenium-webdriver\lib\webdriver.js:745:17)
           at async World.<anonymous> (D:\DUOC\semestre 6\AutomatizaciÃ³n de Pruebas\3\EA3\Entregable\Ferremas\Backend_Ferremas\features\step_definitions\modificar_stock_steps.js:16:15)
   - And cambia cantidad a "-1" # features\step_definitions\modificar_stock_steps.js:21
   - And presiona enter o hace clic en el botÃ³n de actualizar # features\step_definitions\modificar_stock_steps.js:27
   - Then aparece mensaje de que el valor debe ser igual o mayor a 0 # features\step_definitions\modificar_stock_steps.js:50
   âˆš After # features\support\hooks.js:254

3) Scenario: CP40 Bodeguero actualiza stock con valor 0 # features\12_ModificarStock.feature:20
   âˆš Before # features\support\hooks.js:93
   âˆš Given el usuario accede a la pagina como bodeguero # features\step_definitions\modificar_stock_steps.js:6
   âˆš When accede a Stock General # features\step_definitions\modificar_stock_steps.js:10
   Ã— And selecciona actualizar en el producto "Taladro X200" # features\step_definitions\modificar_stock_steps.js:15
       NoSuchElementError: no such element: Unable to locate element: {"method":"xpath","selector":"//tr[td[contains(text(),"Taladro X200")]]//button[contains(@class,'actualizar-stock')]"}
         (Session info: chrome=142.0.7444.175)
           at Object.throwDecodedError (D:\DUOC\semestre 6\AutomatizaciÃ³n de Pruebas\3\EA3\Entregable\Ferremas\Backend_Ferremas\node_modules\selenium-webdriver\lib\error.js:523:15)
           at parseHttpResponse (D:\DUOC\semestre 6\AutomatizaciÃ³n de Pruebas\3\EA3\Entregable\Ferremas\Backend_Ferremas\node_modules\selenium-webdriver\lib\http.js:524:13)
           at Executor.execute (D:\DUOC\semestre 6\AutomatizaciÃ³n de Pruebas\3\EA3\Entregable\Ferremas\Backend_Ferremas\node_modules\selenium-webdriver\lib\http.js:456:28)
           at process.processTicksAndRejections (node:internal/process/task_queues:105:5)
           at async Driver.execute (D:\DUOC\semestre 6\AutomatizaciÃ³n de Pruebas\3\EA3\Entregable\Ferremas\Backend_Ferremas\node_modules\selenium-webdriver\lib\webdriver.js:745:17)
           at async World.<anonymous> (D:\DUOC\semestre 6\AutomatizaciÃ³n de Pruebas\3\EA3\Entregable\Ferremas\Backend_Ferremas\features\step_definitions\modificar_stock_steps.js:16:15)
   - And cambia cantidad a "0" # features\step_definitions\modificar_stock_steps.js:21
   - And presiona enter o hace clic en el botÃ³n de actualizar # features\step_definitions\modificar_stock_steps.js:27
   - Then aparece mensaje de stock actualizado # features\step_definitions\modificar_stock_steps.js:38
   - And se actualiza el valor del stock en la lista de stock general # features\step_definitions\modificar_stock_steps.js:44
   âˆš After # features\support\hooks.js:254

3 scenarios (3 failed)
20 steps (3 failed, 11 skipped, 6 passed)
0m24.772s (executing steps: 0m24.227s)
âš ï¸  Finalizando proceso...
This Node.js version (v22.15.0) has not been tested with this version of Cucumber; it should work normally, but please raise an issue if you see anything unexpected.
ğŸ”§ ConfiguraciÃ³n de pruebas cargada desde .env.test
â±ï¸ Timeout de pruebas configurado a: 60000ms
ğŸ“ Manteniendo evidencias anteriores para mÃºltiples features
ğŸ“ Las nuevas evidencias se guardarÃ¡n en: _debug/
ğŸ‘€ Ejecutando en modo visual para depuraciÃ³n
No se pudo limpiar usuarios de prueba: No se pudo limpiar usuarios de prueba
ğŸš€ Iniciando escenario: CP41 Generar informe ventas mensual
â° Timestamp inicio: 2025-11-24T17:00:04.576Z
.Login exitoso - Texto encontrado: Ferremas
ğŸ“ Paso 01: el usuario accede a la pagina como administrador
ğŸ“¸ Evidencias capturadas para paso 01: el usuario accede a la pagina como administrador
.ğŸ“ Paso 02: accede a Informe Ventas Mensual
ğŸ“¸ Evidencias capturadas para paso 02: accede a Informe Ventas Mensual
.ğŸ“ Paso 03: selecciona sucursal "Sucursal Santiago Centro"
ğŸ“¸ Evidencias capturadas para paso 03: selecciona sucursal "Sucursal Santiago Centro"
F--âŒ Escenario completado: CP41 Generar informe ventas mensual (FAILED)
â±ï¸  DuraciÃ³n: 7.83s
â° Timestamp fin: 2025-11-24T17:00:12.406Z
ğŸ“Š Total de pasos ejecutados: 3
ğŸ“ Evidencias guardadas en: _debug/
.ğŸ Finalizando ejecuciÃ³n de todas las pruebas...
âœ… EjecuciÃ³n completada - todos los recursos liberados


Failures:

1) Scenario: CP41 Generar informe ventas mensual # features\13_Reportes.feature:3
   âˆš Before # features\support\hooks.js:93
   âˆš Given el usuario accede a la pagina como administrador # features\step_definitions\listar_producto_steps.js:5
   âˆš When accede a Informe Ventas Mensual # features\step_definitions\reportes_steps.js:9
   Ã— And selecciona sucursal "Sucursal Santiago Centro" # features\step_definitions\listar_producto_steps.js:23
       NoSuchElementError: no such element: Unable to locate element: {"method":"css selector","selector":"*[id="sucursal_id"]"}
         (Session info: chrome=142.0.7444.175)
           at Object.throwDecodedError (D:\DUOC\semestre 6\AutomatizaciÃ³n de Pruebas\3\EA3\Entregable\Ferremas\Backend_Ferremas\node_modules\selenium-webdriver\lib\error.js:523:15)
           at parseHttpResponse (D:\DUOC\semestre 6\AutomatizaciÃ³n de Pruebas\3\EA3\Entregable\Ferremas\Backend_Ferremas\node_modules\selenium-webdriver\lib\http.js:524:13)
           at Executor.execute (D:\DUOC\semestre 6\AutomatizaciÃ³n de Pruebas\3\EA3\Entregable\Ferremas\Backend_Ferremas\node_modules\selenium-webdriver\lib\http.js:456:28)
           at process.processTicksAndRejections (node:internal/process/task_queues:105:5)
           at async Driver.execute (D:\DUOC\semestre 6\AutomatizaciÃ³n de Pruebas\3\EA3\Entregable\Ferremas\Backend_Ferremas\node_modules\selenium-webdriver\lib\webdriver.js:745:17)
           at async World.<anonymous> (D:\DUOC\semestre 6\AutomatizaciÃ³n de Pruebas\3\EA3\Entregable\Ferremas\Backend_Ferremas\features\step_definitions\listar_producto_steps.js:24:14)
   - And click en crear # features\step_definitions\reportes_steps.js:20
   - Then muestra informe de ventas del mes # features\step_definitions\reportes_steps.js:26
   âˆš After # features\support\hooks.js:254

1 scenario (1 failed)
5 steps (1 failed, 2 skipped, 2 passed)
0m09.907s (executing steps: 0m09.380s)
âš ï¸  Finalizando proceso...
